2023-08-28T00:01:55+00:00 INFO Array
(
    [Webhook Delivery] => Array
        (
            [Delivery ID] => 1f1aa6895869730efc0a264fd3addf05
            [Date] => 28 Ago, 2023 @ 0:01
            [URL] => https://pizzeriahorebs.com/wp-admin/options-general.php?page=webhooks
            [Duration] => 0.26319
            [Request] => Array
                (
                    [Method] => POST
                    [Headers] => Array
                        (
                            [User-Agent] => WooCommerce/7.9.0 Hookshot (WordPress/6.2.2)
                            [Content-Type] => application/json
                            [X-WC-Webhook-Source] => https://pizzeriahorebs.com/
                            [X-WC-Webhook-Topic] => action.woocommerce_payment_complete
                            [X-WC-Webhook-Resource] => action
                            [X-WC-Webhook-Event] => woocommerce_payment_complete
                            [X-WC-Webhook-Signature] => Eq0gS+wplQKmgfvIAN6T8XAjCHP7SwDcnK42NeL5zV0=
                            [X-WC-Webhook-ID] => 1
                            [X-WC-Webhook-Delivery-ID] => 1f1aa6895869730efc0a264fd3addf05
                        )

                )

            [Body] => Webhook body is not logged unless WP_DEBUG mode is turned on. This is to avoid the storing of personal data in the logs.
            [Response] => Array
                (
                    [Code] => 302
                    [Message] => Found
                    [Headers] => WpOrg\Requests\Utility\CaseInsensitiveDictionary Object
                        (
                            [data:protected] => Array
                                (
                                    [x-powered-by] => PHP/8.1.18
                                    [expires] => Wed, 11 Jan 1984 05:00:00 GMT
                                    [cache-control] => no-cache, no-store, must-revalidate, max-age=0
                                    [x-redirect-by] => WordPress
                                    [location] => https://pizzeriahorebs.com/wp-login.php?redirect_to=https%3A%2F%2Fpizzeriahorebs.com%2Fwp-admin%2Foptions-general.php%3Fpage%3Dwebhooks&reauth=1
                                    [content-type] => text/html; charset=UTF-8
                                    [content-length] => 0
                                    [date] => Mon, 28 Aug 2023 00:01:55 GMT
                                    [server] => LiteSpeed
                                    [platform] => hostinger
                                    [content-security-policy] => upgrade-insecure-requests
                                    [alt-svc] => h3=":443"; ma=2592000, h3-29=":443"; ma=2592000, h3-Q050=":443"; ma=2592000, h3-Q046=":443"; ma=2592000, h3-Q043=":443"; ma=2592000, quic=":443"; ma=2592000; v="43,46"
                                )

                        )

                    [Body] => Webhook body is not logged unless WP_DEBUG mode is turned on. This is to avoid the storing of personal data in the logs.
                )

        )

)

2023-08-28T00:09:55+00:00 INFO Array
(
    [Webhook Delivery] => Array
        (
            [Delivery ID] => 04faf647289f5ef608ec0fecb9ff8469
            [Date] => 28 Ago, 2023 @ 0:09
            [URL] => https://pizzeriahorebs.com/wp-admin/options-general.php?page=webhooks
            [Duration] => 0.27103
            [Request] => Array
                (
                    [Method] => POST
                    [Headers] => Array
                        (
                            [User-Agent] => WooCommerce/7.9.0 Hookshot (WordPress/6.2.2)
                            [Content-Type] => application/json
                            [X-WC-Webhook-Source] => https://pizzeriahorebs.com/
                            [X-WC-Webhook-Topic] => action.woocommerce_payment_complete
                            [X-WC-Webhook-Resource] => action
                            [X-WC-Webhook-Event] => woocommerce_payment_complete
                            [X-WC-Webhook-Signature] => kjpDbvtfgrbj9FF1KOuRyxK/nafEnX35KCyRAhaGA0M=
                            [X-WC-Webhook-ID] => 1
                            [X-WC-Webhook-Delivery-ID] => 04faf647289f5ef608ec0fecb9ff8469
                        )

                )

            [Body] => Webhook body is not logged unless WP_DEBUG mode is turned on. This is to avoid the storing of personal data in the logs.
            [Response] => Array
                (
                    [Code] => 302
                    [Message] => Found
                    [Headers] => WpOrg\Requests\Utility\CaseInsensitiveDictionary Object
                        (
                            [data:protected] => Array
                                (
                                    [x-powered-by] => PHP/8.1.18
                                    [expires] => Wed, 11 Jan 1984 05:00:00 GMT
                                    [cache-control] => no-cache, no-store, must-revalidate, max-age=0
                                    [x-redirect-by] => WordPress
                                    [location] => https://pizzeriahorebs.com/wp-login.php?redirect_to=https%3A%2F%2Fpizzeriahorebs.com%2Fwp-admin%2Foptions-general.php%3Fpage%3Dwebhooks&reauth=1
                                    [content-type] => text/html; charset=UTF-8
                                    [content-length] => 0
                                    [date] => Mon, 28 Aug 2023 00:09:55 GMT
                                    [server] => LiteSpeed
                                    [platform] => hostinger
                                    [content-security-policy] => upgrade-insecure-requests
                                    [alt-svc] => h3=":443"; ma=2592000, h3-29=":443"; ma=2592000, h3-Q050=":443"; ma=2592000, h3-Q046=":443"; ma=2592000, h3-Q043=":443"; ma=2592000, quic=":443"; ma=2592000; v="43,46"
                                )

                        )

                    [Body] => Webhook body is not logged unless WP_DEBUG mode is turned on. This is to avoid the storing of personal data in the logs.
                )

        )

)

2023-08-28T00:13:25+00:00 INFO Array
(
    [Webhook Delivery] => Array
        (
            [Delivery ID] => 3b31805ef91fa93b70ec0b7c591c766e
            [Date] => 28 Ago, 2023 @ 0:13
            [URL] => https://pizzeriahorebs.com/wp-admin/options-general.php?page=webhooks
            [Duration] => 0.22092
            [Request] => Array
                (
                    [Method] => POST
                    [Headers] => Array
                        (
                            [User-Agent] => WooCommerce/7.9.0 Hookshot (WordPress/6.2.2)
                            [Content-Type] => application/json
                            [X-WC-Webhook-Source] => https://pizzeriahorebs.com/
                            [X-WC-Webhook-Topic] => action.woocommerce_payment_complete
                            [X-WC-Webhook-Resource] => action
                            [X-WC-Webhook-Event] => woocommerce_payment_complete
                            [X-WC-Webhook-Signature] => glx5tFLf0RleSW5XGjgun5viui/1rscRfH+vUjk6Q7I=
                            [X-WC-Webhook-ID] => 1
                            [X-WC-Webhook-Delivery-ID] => 3b31805ef91fa93b70ec0b7c591c766e
                        )

                )

            [Body] => Webhook body is not logged unless WP_DEBUG mode is turned on. This is to avoid the storing of personal data in the logs.
            [Response] => Array
                (
                    [Code] => 302
                    [Message] => Found
                    [Headers] => WpOrg\Requests\Utility\CaseInsensitiveDictionary Object
                        (
                            [data:protected] => Array
                                (
                                    [x-powered-by] => PHP/8.1.18
                                    [expires] => Wed, 11 Jan 1984 05:00:00 GMT
                                    [cache-control] => no-cache, no-store, must-revalidate, max-age=0
                                    [x-redirect-by] => WordPress
                                    [location] => https://pizzeriahorebs.com/wp-login.php?redirect_to=https%3A%2F%2Fpizzeriahorebs.com%2Fwp-admin%2Foptions-general.php%3Fpage%3Dwebhooks&reauth=1
                                    [content-type] => text/html; charset=UTF-8
                                    [content-length] => 0
                                    [date] => Mon, 28 Aug 2023 00:13:25 GMT
                                    [server] => LiteSpeed
                                    [platform] => hostinger
                                    [content-security-policy] => upgrade-insecure-requests
                                    [alt-svc] => h3=":443"; ma=2592000, h3-29=":443"; ma=2592000, h3-Q050=":443"; ma=2592000, h3-Q046=":443"; ma=2592000, h3-Q043=":443"; ma=2592000, quic=":443"; ma=2592000; v="43,46"
                                )

                        )

                    [Body] => Webhook body is not logged unless WP_DEBUG mode is turned on. This is to avoid the storing of personal data in the logs.
                )

        )

)

2023-08-28T00:19:11+00:00 INFO Array
(
    [Webhook Delivery] => Array
        (
            [Delivery ID] => 6227436b9efed1c697e28075aae611c0
            [Date] => 28 Ago, 2023 @ 0:19
            [URL] => https://pizzeriahorebs.com/wp-admin/options-general.php?page=webhooks
            [Duration] => 0.25397
            [Request] => Array
                (
                    [Method] => POST
                    [Headers] => Array
                        (
                            [User-Agent] => WooCommerce/7.9.0 Hookshot (WordPress/6.2.2)
                            [Content-Type] => application/json
                            [X-WC-Webhook-Source] => https://pizzeriahorebs.com/
                            [X-WC-Webhook-Topic] => action.woocommerce_payment_complete
                            [X-WC-Webhook-Resource] => action
                            [X-WC-Webhook-Event] => woocommerce_payment_complete
                            [X-WC-Webhook-Signature] => GmMP/e5/yUThB0WbitoA2frHrVAnZCJE/auzt5TdjYo=
                            [X-WC-Webhook-ID] => 1
                            [X-WC-Webhook-Delivery-ID] => 6227436b9efed1c697e28075aae611c0
                        )

                )

            [Body] => Webhook body is not logged unless WP_DEBUG mode is turned on. This is to avoid the storing of personal data in the logs.
            [Response] => Array
                (
                    [Code] => 302
                    [Message] => Found
                    [Headers] => WpOrg\Requests\Utility\CaseInsensitiveDictionary Object
                        (
                            [data:protected] => Array
                                (
                                    [x-powered-by] => PHP/8.1.18
                                    [expires] => Wed, 11 Jan 1984 05:00:00 GMT
                                    [cache-control] => no-cache, no-store, must-revalidate, max-age=0
                                    [x-redirect-by] => WordPress
                                    [location] => https://pizzeriahorebs.com/wp-login.php?redirect_to=https%3A%2F%2Fpizzeriahorebs.com%2Fwp-admin%2Foptions-general.php%3Fpage%3Dwebhooks&reauth=1
                                    [content-type] => text/html; charset=UTF-8
                                    [content-length] => 0
                                    [date] => Mon, 28 Aug 2023 00:19:11 GMT
                                    [server] => LiteSpeed
                                    [platform] => hostinger
                                    [content-security-policy] => upgrade-insecure-requests
                                    [alt-svc] => h3=":443"; ma=2592000, h3-29=":443"; ma=2592000, h3-Q050=":443"; ma=2592000, h3-Q046=":443"; ma=2592000, h3-Q043=":443"; ma=2592000, quic=":443"; ma=2592000; v="43,46"
                                )

                        )

                    [Body] => Webhook body is not logged unless WP_DEBUG mode is turned on. This is to avoid the storing of personal data in the logs.
                )

        )

)

2023-08-28T00:20:27+00:00 INFO Array
(
    [Webhook Delivery] => Array
        (
            [Delivery ID] => c5b5eda7e678fe0e93569710340b3307
            [Date] => 28 Ago, 2023 @ 0:20
            [URL] => https://pizzeriahorebs.com/wp-admin/options-general.php?page=webhooks
            [Duration] => 0.29942
            [Request] => Array
                (
                    [Method] => POST
                    [Headers] => Array
                        (
                            [User-Agent] => WooCommerce/7.9.0 Hookshot (WordPress/6.2.2)
                            [Content-Type] => application/json
                            [X-WC-Webhook-Source] => https://pizzeriahorebs.com/
                            [X-WC-Webhook-Topic] => action.woocommerce_payment_complete
                            [X-WC-Webhook-Resource] => action
                            [X-WC-Webhook-Event] => woocommerce_payment_complete
                            [X-WC-Webhook-Signature] => cR0TsT8y8TTUASzhAyWieIMq541FbSBJhYA1fivF4PM=
                            [X-WC-Webhook-ID] => 1
                            [X-WC-Webhook-Delivery-ID] => c5b5eda7e678fe0e93569710340b3307
                        )

                )

            [Body] => Webhook body is not logged unless WP_DEBUG mode is turned on. This is to avoid the storing of personal data in the logs.
            [Response] => Array
                (
                    [Code] => 302
                    [Message] => Found
                    [Headers] => WpOrg\Requests\Utility\CaseInsensitiveDictionary Object
                        (
                            [data:protected] => Array
                                (
                                    [x-powered-by] => PHP/8.1.18
                                    [expires] => Wed, 11 Jan 1984 05:00:00 GMT
                                    [cache-control] => no-cache, no-store, must-revalidate, max-age=0
                                    [x-redirect-by] => WordPress
                                    [location] => https://pizzeriahorebs.com/wp-login.php?redirect_to=https%3A%2F%2Fpizzeriahorebs.com%2Fwp-admin%2Foptions-general.php%3Fpage%3Dwebhooks&reauth=1
                                    [content-type] => text/html; charset=UTF-8
                                    [content-length] => 0
                                    [date] => Mon, 28 Aug 2023 00:20:27 GMT
                                    [server] => LiteSpeed
                                    [platform] => hostinger
                                    [content-security-policy] => upgrade-insecure-requests
                                    [alt-svc] => h3=":443"; ma=2592000, h3-29=":443"; ma=2592000, h3-Q050=":443"; ma=2592000, h3-Q046=":443"; ma=2592000, h3-Q043=":443"; ma=2592000, quic=":443"; ma=2592000; v="43,46"
                                )

                        )

                    [Body] => Webhook body is not logged unless WP_DEBUG mode is turned on. This is to avoid the storing of personal data in the logs.
                )

        )

)

2023-08-28T00:21:25+00:00 INFO Array
(
    [Webhook Delivery] => Array
        (
            [Delivery ID] => 6592b204bf2b43c1511a3d65de0fa84e
            [Date] => 28 Ago, 2023 @ 0:21
            [URL] => https://pizzeriahorebs.com/wp-admin/options-general.php?page=webhooks
            [Duration] => 0.22756
            [Request] => Array
                (
                    [Method] => POST
                    [Headers] => Array
                        (
                            [User-Agent] => WooCommerce/7.9.0 Hookshot (WordPress/6.2.2)
                            [Content-Type] => application/json
                            [X-WC-Webhook-Source] => https://pizzeriahorebs.com/
                            [X-WC-Webhook-Topic] => action.woocommerce_payment_complete
                            [X-WC-Webhook-Resource] => action
                            [X-WC-Webhook-Event] => woocommerce_payment_complete
                            [X-WC-Webhook-Signature] => QYQcVhPCRnoZYEBnEsI20jGbSk6QDBCxXhaAmyGSfiE=
                            [X-WC-Webhook-ID] => 1
                            [X-WC-Webhook-Delivery-ID] => 6592b204bf2b43c1511a3d65de0fa84e
                        )

                )

            [Body] => Webhook body is not logged unless WP_DEBUG mode is turned on. This is to avoid the storing of personal data in the logs.
            [Response] => Array
                (
                    [Code] => 302
                    [Message] => Found
                    [Headers] => WpOrg\Requests\Utility\CaseInsensitiveDictionary Object
                        (
                            [data:protected] => Array
                                (
                                    [x-powered-by] => PHP/8.1.18
                                    [expires] => Wed, 11 Jan 1984 05:00:00 GMT
                                    [cache-control] => no-cache, no-store, must-revalidate, max-age=0
                                    [x-redirect-by] => WordPress
                                    [location] => https://pizzeriahorebs.com/wp-login.php?redirect_to=https%3A%2F%2Fpizzeriahorebs.com%2Fwp-admin%2Foptions-general.php%3Fpage%3Dwebhooks&reauth=1
                                    [content-type] => text/html; charset=UTF-8
                                    [content-length] => 0
                                    [date] => Mon, 28 Aug 2023 00:21:25 GMT
                                    [server] => LiteSpeed
                                    [platform] => hostinger
                                    [content-security-policy] => upgrade-insecure-requests
                                    [alt-svc] => h3=":443"; ma=2592000, h3-29=":443"; ma=2592000, h3-Q050=":443"; ma=2592000, h3-Q046=":443"; ma=2592000, h3-Q043=":443"; ma=2592000, quic=":443"; ma=2592000; v="43,46"
                                )

                        )

                    [Body] => Webhook body is not logged unless WP_DEBUG mode is turned on. This is to avoid the storing of personal data in the logs.
                )

        )

)

2023-08-28T00:22:25+00:00 INFO Array
(
    [Webhook Delivery] => Array
        (
            [Delivery ID] => f977a53849b6b05b6d6c6a16b605b927
            [Date] => 28 Ago, 2023 @ 0:22
            [URL] => https://pizzeriahorebs.com/wp-admin/options-general.php?page=webhooks
            [Duration] => 0.2518
            [Request] => Array
                (
                    [Method] => POST
                    [Headers] => Array
                        (
                            [User-Agent] => WooCommerce/7.9.0 Hookshot (WordPress/6.2.2)
                            [Content-Type] => application/json
                            [X-WC-Webhook-Source] => https://pizzeriahorebs.com/
                            [X-WC-Webhook-Topic] => action.woocommerce_payment_complete
                            [X-WC-Webhook-Resource] => action
                            [X-WC-Webhook-Event] => woocommerce_payment_complete
                            [X-WC-Webhook-Signature] => Htt5jRPcz77CYwao3tbr0ChMZ349s+MTjW4YvXPcpEk=
                            [X-WC-Webhook-ID] => 1
                            [X-WC-Webhook-Delivery-ID] => f977a53849b6b05b6d6c6a16b605b927
                        )

                )

            [Body] => Webhook body is not logged unless WP_DEBUG mode is turned on. This is to avoid the storing of personal data in the logs.
            [Response] => Array
                (
                    [Code] => 302
                    [Message] => Found
                    [Headers] => WpOrg\Requests\Utility\CaseInsensitiveDictionary Object
                        (
                            [data:protected] => Array
                                (
                                    [x-powered-by] => PHP/8.1.18
                                    [expires] => Wed, 11 Jan 1984 05:00:00 GMT
                                    [cache-control] => no-cache, no-store, must-revalidate, max-age=0
                                    [x-redirect-by] => WordPress
                                    [location] => https://pizzeriahorebs.com/wp-login.php?redirect_to=https%3A%2F%2Fpizzeriahorebs.com%2Fwp-admin%2Foptions-general.php%3Fpage%3Dwebhooks&reauth=1
                                    [content-type] => text/html; charset=UTF-8
                                    [content-length] => 0
                                    [date] => Mon, 28 Aug 2023 00:22:25 GMT
                                    [server] => LiteSpeed
                                    [platform] => hostinger
                                    [content-security-policy] => upgrade-insecure-requests
                                    [alt-svc] => h3=":443"; ma=2592000, h3-29=":443"; ma=2592000, h3-Q050=":443"; ma=2592000, h3-Q046=":443"; ma=2592000, h3-Q043=":443"; ma=2592000, quic=":443"; ma=2592000; v="43,46"
                                )

                        )

                    [Body] => Webhook body is not logged unless WP_DEBUG mode is turned on. This is to avoid the storing of personal data in the logs.
                )

        )

)

2023-08-28T00:23:26+00:00 INFO Array
(
    [Webhook Delivery] => Array
        (
            [Delivery ID] => 559e17ac6638b78b58b6d186f9ab263f
            [Date] => 28 Ago, 2023 @ 0:23
            [URL] => https://pizzeriahorebs.com/wp-admin/options-general.php?page=webhooks
            [Duration] => 0.20542
            [Request] => Array
                (
                    [Method] => POST
                    [Headers] => Array
                        (
                            [User-Agent] => WooCommerce/7.9.0 Hookshot (WordPress/6.2.2)
                            [Content-Type] => application/json
                            [X-WC-Webhook-Source] => https://pizzeriahorebs.com/
                            [X-WC-Webhook-Topic] => action.woocommerce_payment_complete
                            [X-WC-Webhook-Resource] => action
                            [X-WC-Webhook-Event] => woocommerce_payment_complete
                            [X-WC-Webhook-Signature] => jra/zmcH+Q5bP3yIApFc7cOJm0muf8qUsBfk06IA0UE=
                            [X-WC-Webhook-ID] => 1
                            [X-WC-Webhook-Delivery-ID] => 559e17ac6638b78b58b6d186f9ab263f
                        )

                )

            [Body] => Webhook body is not logged unless WP_DEBUG mode is turned on. This is to avoid the storing of personal data in the logs.
            [Response] => Array
                (
                    [Code] => 302
                    [Message] => Found
                    [Headers] => WpOrg\Requests\Utility\CaseInsensitiveDictionary Object
                        (
                            [data:protected] => Array
                                (
                                    [x-powered-by] => PHP/8.1.18
                                    [expires] => Wed, 11 Jan 1984 05:00:00 GMT
                                    [cache-control] => no-cache, no-store, must-revalidate, max-age=0
                                    [x-redirect-by] => WordPress
                                    [location] => https://pizzeriahorebs.com/wp-login.php?redirect_to=https%3A%2F%2Fpizzeriahorebs.com%2Fwp-admin%2Foptions-general.php%3Fpage%3Dwebhooks&reauth=1
                                    [content-type] => text/html; charset=UTF-8
                                    [content-length] => 0
                                    [date] => Mon, 28 Aug 2023 00:23:26 GMT
                                    [server] => LiteSpeed
                                    [platform] => hostinger
                                    [content-security-policy] => upgrade-insecure-requests
                                    [alt-svc] => h3=":443"; ma=2592000, h3-29=":443"; ma=2592000, h3-Q050=":443"; ma=2592000, h3-Q046=":443"; ma=2592000, h3-Q043=":443"; ma=2592000, quic=":443"; ma=2592000; v="43,46"
                                )

                        )

                    [Body] => Webhook body is not logged unless WP_DEBUG mode is turned on. This is to avoid the storing of personal data in the logs.
                )

        )

)

2023-08-28T00:26:27+00:00 INFO Array
(
    [Webhook Delivery] => Array
        (
            [Delivery ID] => 06c2377716a0a05453e32059d064d84a
            [Date] => 28 Ago, 2023 @ 0:26
            [URL] => https://pizzeriahorebs.com/wp-admin/options-general.php?page=webhooks
            [Duration] => 0.42242
            [Request] => Array
                (
                    [Method] => POST
                    [Headers] => Array
                        (
                            [User-Agent] => WooCommerce/7.9.0 Hookshot (WordPress/6.2.2)
                            [Content-Type] => application/json
                            [X-WC-Webhook-Source] => https://pizzeriahorebs.com/
                            [X-WC-Webhook-Topic] => action.woocommerce_payment_complete
                            [X-WC-Webhook-Resource] => action
                            [X-WC-Webhook-Event] => woocommerce_payment_complete
                            [X-WC-Webhook-Signature] => YmdLKRzeLOz+cSIIAYR/abuI+X0Q1bmcYokhQj7YAvk=
                            [X-WC-Webhook-ID] => 1
                            [X-WC-Webhook-Delivery-ID] => 06c2377716a0a05453e32059d064d84a
                        )

                )

            [Body] => Webhook body is not logged unless WP_DEBUG mode is turned on. This is to avoid the storing of personal data in the logs.
            [Response] => Array
                (
                    [Code] => 302
                    [Message] => Found
                    [Headers] => WpOrg\Requests\Utility\CaseInsensitiveDictionary Object
                        (
                            [data:protected] => Array
                                (
                                    [x-powered-by] => PHP/8.1.18
                                    [expires] => Wed, 11 Jan 1984 05:00:00 GMT
                                    [cache-control] => no-cache, no-store, must-revalidate, max-age=0
                                    [x-redirect-by] => WordPress
                                    [location] => https://pizzeriahorebs.com/wp-login.php?redirect_to=https%3A%2F%2Fpizzeriahorebs.com%2Fwp-admin%2Foptions-general.php%3Fpage%3Dwebhooks&reauth=1
                                    [content-type] => text/html; charset=UTF-8
                                    [content-length] => 0
                                    [date] => Mon, 28 Aug 2023 00:26:27 GMT
                                    [server] => LiteSpeed
                                    [platform] => hostinger
                                    [content-security-policy] => upgrade-insecure-requests
                                    [alt-svc] => h3=":443"; ma=2592000, h3-29=":443"; ma=2592000, h3-Q050=":443"; ma=2592000, h3-Q046=":443"; ma=2592000, h3-Q043=":443"; ma=2592000, quic=":443"; ma=2592000; v="43,46"
                                )

                        )

                    [Body] => Webhook body is not logged unless WP_DEBUG mode is turned on. This is to avoid the storing of personal data in the logs.
                )

        )

)

2023-08-28T00:34:23+00:00 INFO Array
(
    [Webhook Delivery] => Array
        (
            [Delivery ID] => ecb26e8fdae84c800cc9867891924ee1
            [Date] => 28 Ago, 2023 @ 0:34
            [URL] => https://pizzeriahorebs.com/wp-admin/options-general.php?page=webhooks
            [Duration] => 0.23651
            [Request] => Array
                (
                    [Method] => POST
                    [Headers] => Array
                        (
                            [User-Agent] => WooCommerce/7.9.0 Hookshot (WordPress/6.2.2)
                            [Content-Type] => application/json
                            [X-WC-Webhook-Source] => https://pizzeriahorebs.com/
                            [X-WC-Webhook-Topic] => action.woocommerce_payment_complete
                            [X-WC-Webhook-Resource] => action
                            [X-WC-Webhook-Event] => woocommerce_payment_complete
                            [X-WC-Webhook-Signature] => Laq9PS6M33OoAMZOhi2mM4XuN2rVevWMYC5Z9hari1o=
                            [X-WC-Webhook-ID] => 1
                            [X-WC-Webhook-Delivery-ID] => ecb26e8fdae84c800cc9867891924ee1
                        )

                )

            [Body] => Webhook body is not logged unless WP_DEBUG mode is turned on. This is to avoid the storing of personal data in the logs.
            [Response] => Array
                (
                    [Code] => 302
                    [Message] => Found
                    [Headers] => WpOrg\Requests\Utility\CaseInsensitiveDictionary Object
                        (
                            [data:protected] => Array
                                (
                                    [x-powered-by] => PHP/8.1.18
                                    [expires] => Wed, 11 Jan 1984 05:00:00 GMT
                                    [cache-control] => no-cache, no-store, must-revalidate, max-age=0
                                    [x-redirect-by] => WordPress
                                    [location] => https://pizzeriahorebs.com/wp-login.php?redirect_to=https%3A%2F%2Fpizzeriahorebs.com%2Fwp-admin%2Foptions-general.php%3Fpage%3Dwebhooks&reauth=1
                                    [content-type] => text/html; charset=UTF-8
                                    [content-length] => 0
                                    [date] => Mon, 28 Aug 2023 00:34:23 GMT
                                    [server] => LiteSpeed
                                    [platform] => hostinger
                                    [content-security-policy] => upgrade-insecure-requests
                                    [alt-svc] => h3=":443"; ma=2592000, h3-29=":443"; ma=2592000, h3-Q050=":443"; ma=2592000, h3-Q046=":443"; ma=2592000, h3-Q043=":443"; ma=2592000, quic=":443"; ma=2592000; v="43,46"
                                )

                        )

                    [Body] => Webhook body is not logged unless WP_DEBUG mode is turned on. This is to avoid the storing of personal data in the logs.
                )

        )

)

2023-08-28T00:45:26+00:00 INFO Array
(
    [Webhook Delivery] => Array
        (
            [Delivery ID] => e3b154f460462c56f404704961579642
            [Date] => 28 Ago, 2023 @ 0:45
            [URL] => https://pizzeriahorebs.com/wp-admin/options-general.php?page=webhooks
            [Duration] => 0.35852
            [Request] => Array
                (
                    [Method] => POST
                    [Headers] => Array
                        (
                            [User-Agent] => WooCommerce/7.9.0 Hookshot (WordPress/6.2.2)
                            [Content-Type] => application/json
                            [X-WC-Webhook-Source] => https://pizzeriahorebs.com/
                            [X-WC-Webhook-Topic] => action.woocommerce_payment_complete
                            [X-WC-Webhook-Resource] => action
                            [X-WC-Webhook-Event] => woocommerce_payment_complete
                            [X-WC-Webhook-Signature] => 72MZwY2+7P05Hwx8iZnkdDRlEf/IkFNBKTBSdYQJDNo=
                            [X-WC-Webhook-ID] => 1
                            [X-WC-Webhook-Delivery-ID] => e3b154f460462c56f404704961579642
                        )

                )

            [Body] => Webhook body is not logged unless WP_DEBUG mode is turned on. This is to avoid the storing of personal data in the logs.
            [Response] => Array
                (
                    [Code] => 302
                    [Message] => Found
                    [Headers] => WpOrg\Requests\Utility\CaseInsensitiveDictionary Object
                        (
                            [data:protected] => Array
                                (
                                    [x-powered-by] => PHP/8.1.18
                                    [expires] => Wed, 11 Jan 1984 05:00:00 GMT
                                    [cache-control] => no-cache, no-store, must-revalidate, max-age=0
                                    [x-redirect-by] => WordPress
                                    [location] => https://pizzeriahorebs.com/wp-login.php?redirect_to=https%3A%2F%2Fpizzeriahorebs.com%2Fwp-admin%2Foptions-general.php%3Fpage%3Dwebhooks&reauth=1
                                    [content-type] => text/html; charset=UTF-8
                                    [content-length] => 0
                                    [date] => Mon, 28 Aug 2023 00:45:26 GMT
                                    [server] => LiteSpeed
                                    [platform] => hostinger
                                    [content-security-policy] => upgrade-insecure-requests
                                    [alt-svc] => h3=":443"; ma=2592000, h3-29=":443"; ma=2592000, h3-Q050=":443"; ma=2592000, h3-Q046=":443"; ma=2592000, h3-Q043=":443"; ma=2592000, quic=":443"; ma=2592000; v="43,46"
                                )

                        )

                    [Body] => Webhook body is not logged unless WP_DEBUG mode is turned on. This is to avoid the storing of personal data in the logs.
                )

        )

)

2023-08-28T00:47:28+00:00 INFO Array
(
    [Webhook Delivery] => Array
        (
            [Delivery ID] => c24c437851ec651428c2f620a1726ded
            [Date] => 28 Ago, 2023 @ 0:47
            [URL] => https://pizzeriahorebs.com/wp-admin/options-general.php?page=webhooks
            [Duration] => 0.21246
            [Request] => Array
                (
                    [Method] => POST
                    [Headers] => Array
                        (
                            [User-Agent] => WooCommerce/7.9.0 Hookshot (WordPress/6.2.2)
                            [Content-Type] => application/json
                            [X-WC-Webhook-Source] => https://pizzeriahorebs.com/
                            [X-WC-Webhook-Topic] => action.woocommerce_payment_complete
                            [X-WC-Webhook-Resource] => action
                            [X-WC-Webhook-Event] => woocommerce_payment_complete
                            [X-WC-Webhook-Signature] => uhdM/nmSKqjsZ6eBYipV1GhSyKcqKH+V1A6m1loSgvM=
                            [X-WC-Webhook-ID] => 1
                            [X-WC-Webhook-Delivery-ID] => c24c437851ec651428c2f620a1726ded
                        )

                )

            [Body] => Webhook body is not logged unless WP_DEBUG mode is turned on. This is to avoid the storing of personal data in the logs.
            [Response] => Array
                (
                    [Code] => 302
                    [Message] => Found
                    [Headers] => WpOrg\Requests\Utility\CaseInsensitiveDictionary Object
                        (
                            [data:protected] => Array
                                (
                                    [x-powered-by] => PHP/8.1.18
                                    [expires] => Wed, 11 Jan 1984 05:00:00 GMT
                                    [cache-control] => no-cache, no-store, must-revalidate, max-age=0
                                    [x-redirect-by] => WordPress
                                    [location] => https://pizzeriahorebs.com/wp-login.php?redirect_to=https%3A%2F%2Fpizzeriahorebs.com%2Fwp-admin%2Foptions-general.php%3Fpage%3Dwebhooks&reauth=1
                                    [content-type] => text/html; charset=UTF-8
                                    [content-length] => 0
                                    [date] => Mon, 28 Aug 2023 00:47:28 GMT
                                    [server] => LiteSpeed
                                    [platform] => hostinger
                                    [content-security-policy] => upgrade-insecure-requests
                                    [alt-svc] => h3=":443"; ma=2592000, h3-29=":443"; ma=2592000, h3-Q050=":443"; ma=2592000, h3-Q046=":443"; ma=2592000, h3-Q043=":443"; ma=2592000, quic=":443"; ma=2592000; v="43,46"
                                )

                        )

                    [Body] => Webhook body is not logged unless WP_DEBUG mode is turned on. This is to avoid the storing of personal data in the logs.
                )

        )

)

2023-08-28T00:49:25+00:00 INFO Array
(
    [Webhook Delivery] => Array
        (
            [Delivery ID] => 4f2013778aaa1b6fa2836771660ce277
            [Date] => 28 Ago, 2023 @ 0:49
            [URL] => https://pizzeriahorebs.com/wp-admin/options-general.php?page=webhooks
            [Duration] => 0.21691
            [Request] => Array
                (
                    [Method] => POST
                    [Headers] => Array
                        (
                            [User-Agent] => WooCommerce/7.9.0 Hookshot (WordPress/6.2.2)
                            [Content-Type] => application/json
                            [X-WC-Webhook-Source] => https://pizzeriahorebs.com/
                            [X-WC-Webhook-Topic] => action.woocommerce_payment_complete
                            [X-WC-Webhook-Resource] => action
                            [X-WC-Webhook-Event] => woocommerce_payment_complete
                            [X-WC-Webhook-Signature] => y62yIJfDiJWDRbb959O1FDdakBBI7zzdrDuzBCcXpVI=
                            [X-WC-Webhook-ID] => 1
                            [X-WC-Webhook-Delivery-ID] => 4f2013778aaa1b6fa2836771660ce277
                        )

                )

            [Body] => Webhook body is not logged unless WP_DEBUG mode is turned on. This is to avoid the storing of personal data in the logs.
            [Response] => Array
                (
                    [Code] => 302
                    [Message] => Found
                    [Headers] => WpOrg\Requests\Utility\CaseInsensitiveDictionary Object
                        (
                            [data:protected] => Array
                                (
                                    [x-powered-by] => PHP/8.1.18
                                    [expires] => Wed, 11 Jan 1984 05:00:00 GMT
                                    [cache-control] => no-cache, no-store, must-revalidate, max-age=0
                                    [x-redirect-by] => WordPress
                                    [location] => https://pizzeriahorebs.com/wp-login.php?redirect_to=https%3A%2F%2Fpizzeriahorebs.com%2Fwp-admin%2Foptions-general.php%3Fpage%3Dwebhooks&reauth=1
                                    [content-type] => text/html; charset=UTF-8
                                    [content-length] => 0
                                    [date] => Mon, 28 Aug 2023 00:49:25 GMT
                                    [server] => LiteSpeed
                                    [platform] => hostinger
                                    [content-security-policy] => upgrade-insecure-requests
                                    [alt-svc] => h3=":443"; ma=2592000, h3-29=":443"; ma=2592000, h3-Q050=":443"; ma=2592000, h3-Q046=":443"; ma=2592000, h3-Q043=":443"; ma=2592000, quic=":443"; ma=2592000; v="43,46"
                                )

                        )

                    [Body] => Webhook body is not logged unless WP_DEBUG mode is turned on. This is to avoid the storing of personal data in the logs.
                )

        )

)

2023-08-28T00:52:11+00:00 INFO Array
(
    [Webhook Delivery] => Array
        (
            [Delivery ID] => a4bdbf19cb15bbf5eec5b63b783ce93a
            [Date] => 28 Ago, 2023 @ 0:52
            [URL] => https://pizzeriahorebs.com/wp-admin/options-general.php?page=webhooks
            [Duration] => 0.21413
            [Request] => Array
                (
                    [Method] => POST
                    [Headers] => Array
                        (
                            [User-Agent] => WooCommerce/7.9.0 Hookshot (WordPress/6.2.2)
                            [Content-Type] => application/json
                            [X-WC-Webhook-Source] => https://pizzeriahorebs.com/
                            [X-WC-Webhook-Topic] => action.woocommerce_payment_complete
                            [X-WC-Webhook-Resource] => action
                            [X-WC-Webhook-Event] => woocommerce_payment_complete
                            [X-WC-Webhook-Signature] => 3xDMYrMbnfPHIHYqhuXl1W5FwQvhhe3M76XjUrUxZYY=
                            [X-WC-Webhook-ID] => 1
                            [X-WC-Webhook-Delivery-ID] => a4bdbf19cb15bbf5eec5b63b783ce93a
                        )

                )

            [Body] => Webhook body is not logged unless WP_DEBUG mode is turned on. This is to avoid the storing of personal data in the logs.
            [Response] => Array
                (
                    [Code] => 302
                    [Message] => Found
                    [Headers] => WpOrg\Requests\Utility\CaseInsensitiveDictionary Object
                        (
                            [data:protected] => Array
                                (
                                    [x-powered-by] => PHP/8.1.18
                                    [expires] => Wed, 11 Jan 1984 05:00:00 GMT
                                    [cache-control] => no-cache, no-store, must-revalidate, max-age=0
                                    [x-redirect-by] => WordPress
                                    [location] => https://pizzeriahorebs.com/wp-login.php?redirect_to=https%3A%2F%2Fpizzeriahorebs.com%2Fwp-admin%2Foptions-general.php%3Fpage%3Dwebhooks&reauth=1
                                    [content-type] => text/html; charset=UTF-8
                                    [content-length] => 0
                                    [date] => Mon, 28 Aug 2023 00:52:11 GMT
                                    [server] => LiteSpeed
                                    [platform] => hostinger
                                    [content-security-policy] => upgrade-insecure-requests
                                    [alt-svc] => h3=":443"; ma=2592000, h3-29=":443"; ma=2592000, h3-Q050=":443"; ma=2592000, h3-Q046=":443"; ma=2592000, h3-Q043=":443"; ma=2592000, quic=":443"; ma=2592000; v="43,46"
                                )

                        )

                    [Body] => Webhook body is not logged unless WP_DEBUG mode is turned on. This is to avoid the storing of personal data in the logs.
                )

        )

)

2023-08-28T00:53:21+00:00 INFO Array
(
    [Webhook Delivery] => Array
        (
            [Delivery ID] => 43818ec1359150daee13343ec42f7f2b
            [Date] => 28 Ago, 2023 @ 0:53
            [URL] => https://pizzeriahorebs.com/wp-admin/options-general.php?page=webhooks
            [Duration] => 0.23565
            [Request] => Array
                (
                    [Method] => POST
                    [Headers] => Array
                        (
                            [User-Agent] => WooCommerce/7.9.0 Hookshot (WordPress/6.2.2)
                            [Content-Type] => application/json
                            [X-WC-Webhook-Source] => https://pizzeriahorebs.com/
                            [X-WC-Webhook-Topic] => action.woocommerce_payment_complete
                            [X-WC-Webhook-Resource] => action
                            [X-WC-Webhook-Event] => woocommerce_payment_complete
                            [X-WC-Webhook-Signature] => iCG492p2JP76Z1Rz9WU0tKnvWT2QsqKchzcYwptxdSk=
                            [X-WC-Webhook-ID] => 1
                            [X-WC-Webhook-Delivery-ID] => 43818ec1359150daee13343ec42f7f2b
                        )

                )

            [Body] => Webhook body is not logged unless WP_DEBUG mode is turned on. This is to avoid the storing of personal data in the logs.
            [Response] => Array
                (
                    [Code] => 302
                    [Message] => Found
                    [Headers] => WpOrg\Requests\Utility\CaseInsensitiveDictionary Object
                        (
                            [data:protected] => Array
                                (
                                    [x-powered-by] => PHP/8.1.18
                                    [expires] => Wed, 11 Jan 1984 05:00:00 GMT
                                    [cache-control] => no-cache, no-store, must-revalidate, max-age=0
                                    [x-redirect-by] => WordPress
                                    [location] => https://pizzeriahorebs.com/wp-login.php?redirect_to=https%3A%2F%2Fpizzeriahorebs.com%2Fwp-admin%2Foptions-general.php%3Fpage%3Dwebhooks&reauth=1
                                    [content-type] => text/html; charset=UTF-8
                                    [content-length] => 0
                                    [date] => Mon, 28 Aug 2023 00:53:21 GMT
                                    [server] => LiteSpeed
                                    [platform] => hostinger
                                    [content-security-policy] => upgrade-insecure-requests
                                    [alt-svc] => h3=":443"; ma=2592000, h3-29=":443"; ma=2592000, h3-Q050=":443"; ma=2592000, h3-Q046=":443"; ma=2592000, h3-Q043=":443"; ma=2592000, quic=":443"; ma=2592000; v="43,46"
                                )

                        )

                    [Body] => Webhook body is not logged unless WP_DEBUG mode is turned on. This is to avoid the storing of personal data in the logs.
                )

        )

)

2023-08-28T01:30:26+00:00 INFO Array
(
    [Webhook Delivery] => Array
        (
            [Delivery ID] => 7c1b29308c39c004a16631a822105791
            [Date] => 28 Ago, 2023 @ 1:30
            [URL] => https://pizzeriahorebs.com/wp-admin/options-general.php?page=webhooks
            [Duration] => 0.31215
            [Request] => Array
                (
                    [Method] => POST
                    [Headers] => Array
                        (
                            [User-Agent] => WooCommerce/7.9.0 Hookshot (WordPress/6.2.2)
                            [Content-Type] => application/json
                            [X-WC-Webhook-Source] => https://pizzeriahorebs.com/
                            [X-WC-Webhook-Topic] => action.woocommerce_payment_complete
                            [X-WC-Webhook-Resource] => action
                            [X-WC-Webhook-Event] => woocommerce_payment_complete
                            [X-WC-Webhook-Signature] => 2h7mi2ybVtyFxj2jHXaNDZrNfNZYhGU0Yc63j8jqsOo=
                            [X-WC-Webhook-ID] => 1
                            [X-WC-Webhook-Delivery-ID] => 7c1b29308c39c004a16631a822105791
                        )

                )

            [Body] => Webhook body is not logged unless WP_DEBUG mode is turned on. This is to avoid the storing of personal data in the logs.
            [Response] => Array
                (
                    [Code] => 302
                    [Message] => Found
                    [Headers] => WpOrg\Requests\Utility\CaseInsensitiveDictionary Object
                        (
                            [data:protected] => Array
                                (
                                    [x-powered-by] => PHP/8.1.18
                                    [expires] => Wed, 11 Jan 1984 05:00:00 GMT
                                    [cache-control] => no-cache, no-store, must-revalidate, max-age=0
                                    [x-redirect-by] => WordPress
                                    [location] => https://pizzeriahorebs.com/wp-login.php?redirect_to=https%3A%2F%2Fpizzeriahorebs.com%2Fwp-admin%2Foptions-general.php%3Fpage%3Dwebhooks&reauth=1
                                    [content-type] => text/html; charset=UTF-8
                                    [content-length] => 0
                                    [date] => Mon, 28 Aug 2023 01:30:26 GMT
                                    [server] => LiteSpeed
                                    [platform] => hostinger
                                    [content-security-policy] => upgrade-insecure-requests
                                    [alt-svc] => h3=":443"; ma=2592000, h3-29=":443"; ma=2592000, h3-Q050=":443"; ma=2592000, h3-Q046=":443"; ma=2592000, h3-Q043=":443"; ma=2592000, quic=":443"; ma=2592000; v="43,46"
                                )

                        )

                    [Body] => Webhook body is not logged unless WP_DEBUG mode is turned on. This is to avoid the storing of personal data in the logs.
                )

        )

)

2023-08-28T01:38:28+00:00 INFO Array
(
    [Webhook Delivery] => Array
        (
            [Delivery ID] => be080a63cc0f7ae2c4ecfc1527a7b253
            [Date] => 28 Ago, 2023 @ 1:38
            [URL] => https://pizzeriahorebs.com/wp-admin/options-general.php?page=webhooks
            [Duration] => 0.27421
            [Request] => Array
                (
                    [Method] => POST
                    [Headers] => Array
                        (
                            [User-Agent] => WooCommerce/7.9.0 Hookshot (WordPress/6.2.2)
                            [Content-Type] => application/json
                            [X-WC-Webhook-Source] => https://pizzeriahorebs.com/
                            [X-WC-Webhook-Topic] => action.woocommerce_payment_complete
                            [X-WC-Webhook-Resource] => action
                            [X-WC-Webhook-Event] => woocommerce_payment_complete
                            [X-WC-Webhook-Signature] => HQzKs1nsBVTrde93pIsTaKKdK+ia293j/hDTQcYp5qs=
                            [X-WC-Webhook-ID] => 1
                            [X-WC-Webhook-Delivery-ID] => be080a63cc0f7ae2c4ecfc1527a7b253
                        )

                )

            [Body] => Webhook body is not logged unless WP_DEBUG mode is turned on. This is to avoid the storing of personal data in the logs.
            [Response] => Array
                (
                    [Code] => 302
                    [Message] => Found
                    [Headers] => WpOrg\Requests\Utility\CaseInsensitiveDictionary Object
                        (
                            [data:protected] => Array
                                (
                                    [x-powered-by] => PHP/8.1.18
                                    [expires] => Wed, 11 Jan 1984 05:00:00 GMT
                                    [cache-control] => no-cache, no-store, must-revalidate, max-age=0
                                    [x-redirect-by] => WordPress
                                    [location] => https://pizzeriahorebs.com/wp-login.php?redirect_to=https%3A%2F%2Fpizzeriahorebs.com%2Fwp-admin%2Foptions-general.php%3Fpage%3Dwebhooks&reauth=1
                                    [content-type] => text/html; charset=UTF-8
                                    [content-length] => 0
                                    [date] => Mon, 28 Aug 2023 01:38:28 GMT
                                    [server] => LiteSpeed
                                    [platform] => hostinger
                                    [content-security-policy] => upgrade-insecure-requests
                                    [alt-svc] => h3=":443"; ma=2592000, h3-29=":443"; ma=2592000, h3-Q050=":443"; ma=2592000, h3-Q046=":443"; ma=2592000, h3-Q043=":443"; ma=2592000, quic=":443"; ma=2592000; v="43,46"
                                )

                        )

                    [Body] => Webhook body is not logged unless WP_DEBUG mode is turned on. This is to avoid the storing of personal data in the logs.
                )

        )

)

2023-08-28T01:39:26+00:00 INFO Array
(
    [Webhook Delivery] => Array
        (
            [Delivery ID] => edfa3821436fd580eef189fdd228963a
            [Date] => 28 Ago, 2023 @ 1:39
            [URL] => https://pizzeriahorebs.com/wp-admin/options-general.php?page=webhooks
            [Duration] => 0.2187
            [Request] => Array
                (
                    [Method] => POST
                    [Headers] => Array
                        (
                            [User-Agent] => WooCommerce/7.9.0 Hookshot (WordPress/6.2.2)
                            [Content-Type] => application/json
                            [X-WC-Webhook-Source] => https://pizzeriahorebs.com/
                            [X-WC-Webhook-Topic] => action.woocommerce_payment_complete
                            [X-WC-Webhook-Resource] => action
                            [X-WC-Webhook-Event] => woocommerce_payment_complete
                            [X-WC-Webhook-Signature] => yB39dh+NKiTA08JcKBEWFW/E0KEvnhUnPqJjxmO9DYQ=
                            [X-WC-Webhook-ID] => 1
                            [X-WC-Webhook-Delivery-ID] => edfa3821436fd580eef189fdd228963a
                        )

                )

            [Body] => Webhook body is not logged unless WP_DEBUG mode is turned on. This is to avoid the storing of personal data in the logs.
            [Response] => Array
                (
                    [Code] => 302
                    [Message] => Found
                    [Headers] => WpOrg\Requests\Utility\CaseInsensitiveDictionary Object
                        (
                            [data:protected] => Array
                                (
                                    [x-powered-by] => PHP/8.1.18
                                    [expires] => Wed, 11 Jan 1984 05:00:00 GMT
                                    [cache-control] => no-cache, no-store, must-revalidate, max-age=0
                                    [x-redirect-by] => WordPress
                                    [location] => https://pizzeriahorebs.com/wp-login.php?redirect_to=https%3A%2F%2Fpizzeriahorebs.com%2Fwp-admin%2Foptions-general.php%3Fpage%3Dwebhooks&reauth=1
                                    [content-type] => text/html; charset=UTF-8
                                    [content-length] => 0
                                    [date] => Mon, 28 Aug 2023 01:39:26 GMT
                                    [server] => LiteSpeed
                                    [platform] => hostinger
                                    [content-security-policy] => upgrade-insecure-requests
                                    [alt-svc] => h3=":443"; ma=2592000, h3-29=":443"; ma=2592000, h3-Q050=":443"; ma=2592000, h3-Q046=":443"; ma=2592000, h3-Q043=":443"; ma=2592000, quic=":443"; ma=2592000; v="43,46"
                                )

                        )

                    [Body] => Webhook body is not logged unless WP_DEBUG mode is turned on. This is to avoid the storing of personal data in the logs.
                )

        )

)

2023-08-28T01:42:56+00:00 INFO Array
(
    [Webhook Delivery] => Array
        (
            [Delivery ID] => 45fb57ca90a79364dc12823a653c3a5d
            [Date] => 28 Ago, 2023 @ 1:42
            [URL] => https://pizzeriahorebs.com/wp-admin/options-general.php?page=webhooks
            [Duration] => 0.23133
            [Request] => Array
                (
                    [Method] => POST
                    [Headers] => Array
                        (
                            [User-Agent] => WooCommerce/7.9.0 Hookshot (WordPress/6.2.2)
                            [Content-Type] => application/json
                            [X-WC-Webhook-Source] => https://pizzeriahorebs.com/
                            [X-WC-Webhook-Topic] => action.woocommerce_payment_complete
                            [X-WC-Webhook-Resource] => action
                            [X-WC-Webhook-Event] => woocommerce_payment_complete
                            [X-WC-Webhook-Signature] => YspgaEhJDHW7AG+3588kPV+d/KpJzzJqoJtY4Mln5A8=
                            [X-WC-Webhook-ID] => 1
                            [X-WC-Webhook-Delivery-ID] => 45fb57ca90a79364dc12823a653c3a5d
                        )

                )

            [Body] => Webhook body is not logged unless WP_DEBUG mode is turned on. This is to avoid the storing of personal data in the logs.
            [Response] => Array
                (
                    [Code] => 302
                    [Message] => Found
                    [Headers] => WpOrg\Requests\Utility\CaseInsensitiveDictionary Object
                        (
                            [data:protected] => Array
                                (
                                    [x-powered-by] => PHP/8.1.18
                                    [expires] => Wed, 11 Jan 1984 05:00:00 GMT
                                    [cache-control] => no-cache, no-store, must-revalidate, max-age=0
                                    [x-redirect-by] => WordPress
                                    [location] => https://pizzeriahorebs.com/wp-login.php?redirect_to=https%3A%2F%2Fpizzeriahorebs.com%2Fwp-admin%2Foptions-general.php%3Fpage%3Dwebhooks&reauth=1
                                    [content-type] => text/html; charset=UTF-8
                                    [content-length] => 0
                                    [date] => Mon, 28 Aug 2023 01:42:56 GMT
                                    [server] => LiteSpeed
                                    [platform] => hostinger
                                    [content-security-policy] => upgrade-insecure-requests
                                    [alt-svc] => h3=":443"; ma=2592000, h3-29=":443"; ma=2592000, h3-Q050=":443"; ma=2592000, h3-Q046=":443"; ma=2592000, h3-Q043=":443"; ma=2592000, quic=":443"; ma=2592000; v="43,46"
                                )

                        )

                    [Body] => Webhook body is not logged unless WP_DEBUG mode is turned on. This is to avoid the storing of personal data in the logs.
                )

        )

)

2023-08-28T02:11:26+00:00 INFO Array
(
    [Webhook Delivery] => Array
        (
            [Delivery ID] => 702624fdef80c8922fd01e78c9e300c0
            [Date] => 28 Ago, 2023 @ 2:11
            [URL] => https://pizzeriahorebs.com/wp-admin/options-general.php?page=webhooks
            [Duration] => 0.24293
            [Request] => Array
                (
                    [Method] => POST
                    [Headers] => Array
                        (
                            [User-Agent] => WooCommerce/7.9.0 Hookshot (WordPress/6.2.2)
                            [Content-Type] => application/json
                            [X-WC-Webhook-Source] => https://pizzeriahorebs.com/
                            [X-WC-Webhook-Topic] => action.woocommerce_payment_complete
                            [X-WC-Webhook-Resource] => action
                            [X-WC-Webhook-Event] => woocommerce_payment_complete
                            [X-WC-Webhook-Signature] => qXM+0PWENjWGFerAsQT5rQDfpETQ0v4dt54Vpc22ZAI=
                            [X-WC-Webhook-ID] => 1
                            [X-WC-Webhook-Delivery-ID] => 702624fdef80c8922fd01e78c9e300c0
                        )

                )

            [Body] => Webhook body is not logged unless WP_DEBUG mode is turned on. This is to avoid the storing of personal data in the logs.
            [Response] => Array
                (
                    [Code] => 302
                    [Message] => Found
                    [Headers] => WpOrg\Requests\Utility\CaseInsensitiveDictionary Object
                        (
                            [data:protected] => Array
                                (
                                    [x-powered-by] => PHP/8.1.18
                                    [expires] => Wed, 11 Jan 1984 05:00:00 GMT
                                    [cache-control] => no-cache, no-store, must-revalidate, max-age=0
                                    [x-redirect-by] => WordPress
                                    [location] => https://pizzeriahorebs.com/wp-login.php?redirect_to=https%3A%2F%2Fpizzeriahorebs.com%2Fwp-admin%2Foptions-general.php%3Fpage%3Dwebhooks&reauth=1
                                    [content-type] => text/html; charset=UTF-8
                                    [content-length] => 0
                                    [date] => Mon, 28 Aug 2023 02:11:26 GMT
                                    [server] => LiteSpeed
                                    [platform] => hostinger
                                    [content-security-policy] => upgrade-insecure-requests
                                    [alt-svc] => h3=":443"; ma=2592000, h3-29=":443"; ma=2592000, h3-Q050=":443"; ma=2592000, h3-Q046=":443"; ma=2592000, h3-Q043=":443"; ma=2592000, quic=":443"; ma=2592000; v="43,46"
                                )

                        )

                    [Body] => Webhook body is not logged unless WP_DEBUG mode is turned on. This is to avoid the storing of personal data in the logs.
                )

        )

)

2023-08-28T02:17:25+00:00 INFO Array
(
    [Webhook Delivery] => Array
        (
            [Delivery ID] => 51d9539687981a729ef4d605a5fb14ca
            [Date] => 28 Ago, 2023 @ 2:17
            [URL] => https://pizzeriahorebs.com/wp-admin/options-general.php?page=webhooks
            [Duration] => 0.32096
            [Request] => Array
                (
                    [Method] => POST
                    [Headers] => Array
                        (
                            [User-Agent] => WooCommerce/7.9.0 Hookshot (WordPress/6.2.2)
                            [Content-Type] => application/json
                            [X-WC-Webhook-Source] => https://pizzeriahorebs.com/
                            [X-WC-Webhook-Topic] => action.woocommerce_payment_complete
                            [X-WC-Webhook-Resource] => action
                            [X-WC-Webhook-Event] => woocommerce_payment_complete
                            [X-WC-Webhook-Signature] => ezjcgc6WBdIyFNiMJ4cBn2uhgjWEu6J3GOyDLnSDSVc=
                            [X-WC-Webhook-ID] => 1
                            [X-WC-Webhook-Delivery-ID] => 51d9539687981a729ef4d605a5fb14ca
                        )

                )

            [Body] => Webhook body is not logged unless WP_DEBUG mode is turned on. This is to avoid the storing of personal data in the logs.
            [Response] => Array
                (
                    [Code] => 302
                    [Message] => Found
                    [Headers] => WpOrg\Requests\Utility\CaseInsensitiveDictionary Object
                        (
                            [data:protected] => Array
                                (
                                    [x-powered-by] => PHP/8.1.18
                                    [expires] => Wed, 11 Jan 1984 05:00:00 GMT
                                    [cache-control] => no-cache, no-store, must-revalidate, max-age=0
                                    [x-redirect-by] => WordPress
                                    [location] => https://pizzeriahorebs.com/wp-login.php?redirect_to=https%3A%2F%2Fpizzeriahorebs.com%2Fwp-admin%2Foptions-general.php%3Fpage%3Dwebhooks&reauth=1
                                    [content-type] => text/html; charset=UTF-8
                                    [content-length] => 0
                                    [date] => Mon, 28 Aug 2023 02:17:25 GMT
                                    [server] => LiteSpeed
                                    [platform] => hostinger
                                    [content-security-policy] => upgrade-insecure-requests
                                    [alt-svc] => h3=":443"; ma=2592000, h3-29=":443"; ma=2592000, h3-Q050=":443"; ma=2592000, h3-Q046=":443"; ma=2592000, h3-Q043=":443"; ma=2592000, quic=":443"; ma=2592000; v="43,46"
                                )

                        )

                    [Body] => Webhook body is not logged unless WP_DEBUG mode is turned on. This is to avoid the storing of personal data in the logs.
                )

        )

)

2023-08-28T02:55:25+00:00 INFO Array
(
    [Webhook Delivery] => Array
        (
            [Delivery ID] => 0dbef20f08bb9c8a3a0f12475a26478e
            [Date] => 28 Ago, 2023 @ 2:55
            [URL] => https://pizzeriahorebs.com/wp-admin/options-general.php?page=webhooks
            [Duration] => 0.2532
            [Request] => Array
                (
                    [Method] => POST
                    [Headers] => Array
                        (
                            [User-Agent] => WooCommerce/7.9.0 Hookshot (WordPress/6.2.2)
                            [Content-Type] => application/json
                            [X-WC-Webhook-Source] => https://pizzeriahorebs.com/
                            [X-WC-Webhook-Topic] => action.woocommerce_payment_complete
                            [X-WC-Webhook-Resource] => action
                            [X-WC-Webhook-Event] => woocommerce_payment_complete
                            [X-WC-Webhook-Signature] => pdRr7rAi0FKWRkQ/FAqcIcUCBWrE76erI/Kb+rGeLIM=
                            [X-WC-Webhook-ID] => 1
                            [X-WC-Webhook-Delivery-ID] => 0dbef20f08bb9c8a3a0f12475a26478e
                        )

                )

            [Body] => Webhook body is not logged unless WP_DEBUG mode is turned on. This is to avoid the storing of personal data in the logs.
            [Response] => Array
                (
                    [Code] => 302
                    [Message] => Found
                    [Headers] => WpOrg\Requests\Utility\CaseInsensitiveDictionary Object
                        (
                            [data:protected] => Array
                                (
                                    [x-powered-by] => PHP/8.1.18
                                    [expires] => Wed, 11 Jan 1984 05:00:00 GMT
                                    [cache-control] => no-cache, no-store, must-revalidate, max-age=0
                                    [x-redirect-by] => WordPress
                                    [location] => https://pizzeriahorebs.com/wp-login.php?redirect_to=https%3A%2F%2Fpizzeriahorebs.com%2Fwp-admin%2Foptions-general.php%3Fpage%3Dwebhooks&reauth=1
                                    [content-type] => text/html; charset=UTF-8
                                    [content-length] => 0
                                    [date] => Mon, 28 Aug 2023 02:55:25 GMT
                                    [server] => LiteSpeed
                                    [platform] => hostinger
                                    [content-security-policy] => upgrade-insecure-requests
                                    [alt-svc] => h3=":443"; ma=2592000, h3-29=":443"; ma=2592000, h3-Q050=":443"; ma=2592000, h3-Q046=":443"; ma=2592000, h3-Q043=":443"; ma=2592000, quic=":443"; ma=2592000; v="43,46"
                                )

                        )

                    [Body] => Webhook body is not logged unless WP_DEBUG mode is turned on. This is to avoid the storing of personal data in the logs.
                )

        )

)

2023-08-28T02:59:00+00:00 INFO Array
(
    [Webhook Delivery] => Array
        (
            [Delivery ID] => 16e383c887ec54454ad15868064ff92c
            [Date] => 28 Ago, 2023 @ 2:59
            [URL] => https://pizzeriahorebs.com/wp-admin/options-general.php?page=webhooks
            [Duration] => 0.24254
            [Request] => Array
                (
                    [Method] => POST
                    [Headers] => Array
                        (
                            [User-Agent] => WooCommerce/7.9.0 Hookshot (WordPress/6.2.2)
                            [Content-Type] => application/json
                            [X-WC-Webhook-Source] => https://pizzeriahorebs.com/
                            [X-WC-Webhook-Topic] => action.woocommerce_payment_complete
                            [X-WC-Webhook-Resource] => action
                            [X-WC-Webhook-Event] => woocommerce_payment_complete
                            [X-WC-Webhook-Signature] => jEvXaL9BvA38wgTUUEL1AwoV3dY8fqD+KZy1ZqTcwo8=
                            [X-WC-Webhook-ID] => 1
                            [X-WC-Webhook-Delivery-ID] => 16e383c887ec54454ad15868064ff92c
                        )

                )

            [Body] => Webhook body is not logged unless WP_DEBUG mode is turned on. This is to avoid the storing of personal data in the logs.
            [Response] => Array
                (
                    [Code] => 302
                    [Message] => Found
                    [Headers] => WpOrg\Requests\Utility\CaseInsensitiveDictionary Object
                        (
                            [data:protected] => Array
                                (
                                    [x-powered-by] => PHP/8.1.18
                                    [expires] => Wed, 11 Jan 1984 05:00:00 GMT
                                    [cache-control] => no-cache, no-store, must-revalidate, max-age=0
                                    [x-redirect-by] => WordPress
                                    [location] => https://pizzeriahorebs.com/wp-login.php?redirect_to=https%3A%2F%2Fpizzeriahorebs.com%2Fwp-admin%2Foptions-general.php%3Fpage%3Dwebhooks&reauth=1
                                    [content-type] => text/html; charset=UTF-8
                                    [content-length] => 0
                                    [date] => Mon, 28 Aug 2023 02:59:00 GMT
                                    [server] => LiteSpeed
                                    [platform] => hostinger
                                    [content-security-policy] => upgrade-insecure-requests
                                    [alt-svc] => h3=":443"; ma=2592000, h3-29=":443"; ma=2592000, h3-Q050=":443"; ma=2592000, h3-Q046=":443"; ma=2592000, h3-Q043=":443"; ma=2592000, quic=":443"; ma=2592000; v="43,46"
                                )

                        )

                    [Body] => Webhook body is not logged unless WP_DEBUG mode is turned on. This is to avoid the storing of personal data in the logs.
                )

        )

)

2023-08-28T23:56:59+00:00 INFO Array
(
    [Webhook Delivery] => Array
        (
            [Delivery ID] => 802f1226fef3fcd08a31160d30824c2a
            [Date] => 28 Ago, 2023 @ 23:56
            [URL] => https://pizzeriahorebs.com/wp-admin/options-general.php?page=webhooks
            [Duration] => 0.23657
            [Request] => Array
                (
                    [Method] => POST
                    [Headers] => Array
                        (
                            [User-Agent] => WooCommerce/7.9.0 Hookshot (WordPress/6.2.2)
                            [Content-Type] => application/json
                            [X-WC-Webhook-Source] => https://pizzeriahorebs.com/
                            [X-WC-Webhook-Topic] => action.woocommerce_payment_complete
                            [X-WC-Webhook-Resource] => action
                            [X-WC-Webhook-Event] => woocommerce_payment_complete
                            [X-WC-Webhook-Signature] => 47cEby3/PShmJToANmrvldZBbAgjcKqAeHgB1zXp6Ms=
                            [X-WC-Webhook-ID] => 1
                            [X-WC-Webhook-Delivery-ID] => 802f1226fef3fcd08a31160d30824c2a
                        )

                )

            [Body] => Webhook body is not logged unless WP_DEBUG mode is turned on. This is to avoid the storing of personal data in the logs.
            [Response] => Array
                (
                    [Code] => 302
                    [Message] => Found
                    [Headers] => WpOrg\Requests\Utility\CaseInsensitiveDictionary Object
                        (
                            [data:protected] => Array
                                (
                                    [x-powered-by] => PHP/8.1.18
                                    [expires] => Wed, 11 Jan 1984 05:00:00 GMT
                                    [cache-control] => no-cache, no-store, must-revalidate, max-age=0
                                    [x-redirect-by] => WordPress
                                    [location] => https://pizzeriahorebs.com/wp-login.php?redirect_to=https%3A%2F%2Fpizzeriahorebs.com%2Fwp-admin%2Foptions-general.php%3Fpage%3Dwebhooks&reauth=1
                                    [content-type] => text/html; charset=UTF-8
                                    [content-length] => 0
                                    [date] => Mon, 28 Aug 2023 23:56:59 GMT
                                    [server] => LiteSpeed
                                    [platform] => hostinger
                                    [content-security-policy] => upgrade-insecure-requests
                                    [alt-svc] => h3=":443"; ma=2592000, h3-29=":443"; ma=2592000, h3-Q050=":443"; ma=2592000, h3-Q046=":443"; ma=2592000, h3-Q043=":443"; ma=2592000, quic=":443"; ma=2592000; v="43,46"
                                )

                        )

                    [Body] => Webhook body is not logged unless WP_DEBUG mode is turned on. This is to avoid the storing of personal data in the logs.
                )

        )

)

