2023-08-27T00:13:46+00:00 INFO Array
(
    [Webhook Delivery] => Array
        (
            [Delivery ID] => 9ed0583f1044f7a416339a68379e42b3
            [Date] => 27 Ago, 2023 @ 0:13
            [URL] => https://pizzeriahorebs.com/wp-admin/options-general.php?page=webhooks
            [Duration] => 0.37525
            [Request] => Array
                (
                    [Method] => POST
                    [Headers] => Array
                        (
                            [User-Agent] => WooCommerce/7.9.0 Hookshot (WordPress/6.2.2)
                            [Content-Type] => application/json
                            [X-WC-Webhook-Source] => https://pizzeriahorebs.com/
                            [X-WC-Webhook-Topic] => action.woocommerce_payment_complete
                            [X-WC-Webhook-Resource] => action
                            [X-WC-Webhook-Event] => woocommerce_payment_complete
                            [X-WC-Webhook-Signature] => zKt9sB8W2WFzptggYZw4fZvqIdIcLDNEHgfpCX4wpcw=
                            [X-WC-Webhook-ID] => 1
                            [X-WC-Webhook-Delivery-ID] => 9ed0583f1044f7a416339a68379e42b3
                        )

                )

            [Body] => Webhook body is not logged unless WP_DEBUG mode is turned on. This is to avoid the storing of personal data in the logs.
            [Response] => Array
                (
                    [Code] => 302
                    [Message] => Found
                    [Headers] => WpOrg\Requests\Utility\CaseInsensitiveDictionary Object
                        (
                            [data:protected] => Array
                                (
                                    [x-powered-by] => PHP/8.1.18
                                    [expires] => Wed, 11 Jan 1984 05:00:00 GMT
                                    [cache-control] => no-cache, no-store, must-revalidate, max-age=0
                                    [x-redirect-by] => WordPress
                                    [location] => https://pizzeriahorebs.com/wp-login.php?redirect_to=https%3A%2F%2Fpizzeriahorebs.com%2Fwp-admin%2Foptions-general.php%3Fpage%3Dwebhooks&reauth=1
                                    [content-type] => text/html; charset=UTF-8
                                    [content-length] => 0
                                    [date] => Sun, 27 Aug 2023 00:13:46 GMT
                                    [server] => LiteSpeed
                                    [platform] => hostinger
                                    [content-security-policy] => upgrade-insecure-requests
                                    [alt-svc] => h3=":443"; ma=2592000, h3-29=":443"; ma=2592000, h3-Q050=":443"; ma=2592000, h3-Q046=":443"; ma=2592000, h3-Q043=":443"; ma=2592000, quic=":443"; ma=2592000; v="43,46"
                                )

                        )

                    [Body] => Webhook body is not logged unless WP_DEBUG mode is turned on. This is to avoid the storing of personal data in the logs.
                )

        )

)

2023-08-27T00:14:46+00:00 INFO Array
(
    [Webhook Delivery] => Array
        (
            [Delivery ID] => faeca18c4443f8cfe99c09fdfee9c560
            [Date] => 27 Ago, 2023 @ 0:14
            [URL] => https://pizzeriahorebs.com/wp-admin/options-general.php?page=webhooks
            [Duration] => 0.30213
            [Request] => Array
                (
                    [Method] => POST
                    [Headers] => Array
                        (
                            [User-Agent] => WooCommerce/7.9.0 Hookshot (WordPress/6.2.2)
                            [Content-Type] => application/json
                            [X-WC-Webhook-Source] => https://pizzeriahorebs.com/
                            [X-WC-Webhook-Topic] => action.woocommerce_payment_complete
                            [X-WC-Webhook-Resource] => action
                            [X-WC-Webhook-Event] => woocommerce_payment_complete
                            [X-WC-Webhook-Signature] => eLw0w/+oEAPFak2vpNbWJVhEZKsXhR6gBaNxFr9GwZ0=
                            [X-WC-Webhook-ID] => 1
                            [X-WC-Webhook-Delivery-ID] => faeca18c4443f8cfe99c09fdfee9c560
                        )

                )

            [Body] => Webhook body is not logged unless WP_DEBUG mode is turned on. This is to avoid the storing of personal data in the logs.
            [Response] => Array
                (
                    [Code] => 302
                    [Message] => Found
                    [Headers] => WpOrg\Requests\Utility\CaseInsensitiveDictionary Object
                        (
                            [data:protected] => Array
                                (
                                    [x-powered-by] => PHP/8.1.18
                                    [expires] => Wed, 11 Jan 1984 05:00:00 GMT
                                    [cache-control] => no-cache, no-store, must-revalidate, max-age=0
                                    [x-redirect-by] => WordPress
                                    [location] => https://pizzeriahorebs.com/wp-login.php?redirect_to=https%3A%2F%2Fpizzeriahorebs.com%2Fwp-admin%2Foptions-general.php%3Fpage%3Dwebhooks&reauth=1
                                    [content-type] => text/html; charset=UTF-8
                                    [content-length] => 0
                                    [date] => Sun, 27 Aug 2023 00:14:46 GMT
                                    [server] => LiteSpeed
                                    [platform] => hostinger
                                    [content-security-policy] => upgrade-insecure-requests
                                    [alt-svc] => h3=":443"; ma=2592000, h3-29=":443"; ma=2592000, h3-Q050=":443"; ma=2592000, h3-Q046=":443"; ma=2592000, h3-Q043=":443"; ma=2592000, quic=":443"; ma=2592000; v="43,46"
                                )

                        )

                    [Body] => Webhook body is not logged unless WP_DEBUG mode is turned on. This is to avoid the storing of personal data in the logs.
                )

        )

)

2023-08-27T00:23:45+00:00 INFO Array
(
    [Webhook Delivery] => Array
        (
            [Delivery ID] => 8479e659637d10b43a3ce3037a87387e
            [Date] => 27 Ago, 2023 @ 0:23
            [URL] => https://pizzeriahorebs.com/wp-admin/options-general.php?page=webhooks
            [Duration] => 0.2544
            [Request] => Array
                (
                    [Method] => POST
                    [Headers] => Array
                        (
                            [User-Agent] => WooCommerce/7.9.0 Hookshot (WordPress/6.2.2)
                            [Content-Type] => application/json
                            [X-WC-Webhook-Source] => https://pizzeriahorebs.com/
                            [X-WC-Webhook-Topic] => action.woocommerce_payment_complete
                            [X-WC-Webhook-Resource] => action
                            [X-WC-Webhook-Event] => woocommerce_payment_complete
                            [X-WC-Webhook-Signature] => aHjgVCZ20RaBTuJHCciKq4sZfxCC+GPxbYAFxauzL2I=
                            [X-WC-Webhook-ID] => 1
                            [X-WC-Webhook-Delivery-ID] => 8479e659637d10b43a3ce3037a87387e
                        )

                )

            [Body] => Webhook body is not logged unless WP_DEBUG mode is turned on. This is to avoid the storing of personal data in the logs.
            [Response] => Array
                (
                    [Code] => 302
                    [Message] => Found
                    [Headers] => WpOrg\Requests\Utility\CaseInsensitiveDictionary Object
                        (
                            [data:protected] => Array
                                (
                                    [x-powered-by] => PHP/8.1.18
                                    [expires] => Wed, 11 Jan 1984 05:00:00 GMT
                                    [cache-control] => no-cache, no-store, must-revalidate, max-age=0
                                    [x-redirect-by] => WordPress
                                    [location] => https://pizzeriahorebs.com/wp-login.php?redirect_to=https%3A%2F%2Fpizzeriahorebs.com%2Fwp-admin%2Foptions-general.php%3Fpage%3Dwebhooks&reauth=1
                                    [content-type] => text/html; charset=UTF-8
                                    [content-length] => 0
                                    [date] => Sun, 27 Aug 2023 00:23:45 GMT
                                    [server] => LiteSpeed
                                    [platform] => hostinger
                                    [content-security-policy] => upgrade-insecure-requests
                                    [alt-svc] => h3=":443"; ma=2592000, h3-29=":443"; ma=2592000, h3-Q050=":443"; ma=2592000, h3-Q046=":443"; ma=2592000, h3-Q043=":443"; ma=2592000, quic=":443"; ma=2592000; v="43,46"
                                )

                        )

                    [Body] => Webhook body is not logged unless WP_DEBUG mode is turned on. This is to avoid the storing of personal data in the logs.
                )

        )

)

2023-08-27T00:42:47+00:00 INFO Array
(
    [Webhook Delivery] => Array
        (
            [Delivery ID] => 734ad7a26a46644005de15f5bc0414cf
            [Date] => 27 Ago, 2023 @ 0:42
            [URL] => https://pizzeriahorebs.com/wp-admin/options-general.php?page=webhooks
            [Duration] => 0.25582
            [Request] => Array
                (
                    [Method] => POST
                    [Headers] => Array
                        (
                            [User-Agent] => WooCommerce/7.9.0 Hookshot (WordPress/6.2.2)
                            [Content-Type] => application/json
                            [X-WC-Webhook-Source] => https://pizzeriahorebs.com/
                            [X-WC-Webhook-Topic] => action.woocommerce_payment_complete
                            [X-WC-Webhook-Resource] => action
                            [X-WC-Webhook-Event] => woocommerce_payment_complete
                            [X-WC-Webhook-Signature] => gsjaD5QV2q7O+PayLvn6Wrlv3WYoRynx0DLnvrzyEGA=
                            [X-WC-Webhook-ID] => 1
                            [X-WC-Webhook-Delivery-ID] => 734ad7a26a46644005de15f5bc0414cf
                        )

                )

            [Body] => Webhook body is not logged unless WP_DEBUG mode is turned on. This is to avoid the storing of personal data in the logs.
            [Response] => Array
                (
                    [Code] => 302
                    [Message] => Found
                    [Headers] => WpOrg\Requests\Utility\CaseInsensitiveDictionary Object
                        (
                            [data:protected] => Array
                                (
                                    [x-powered-by] => PHP/8.1.18
                                    [expires] => Wed, 11 Jan 1984 05:00:00 GMT
                                    [cache-control] => no-cache, no-store, must-revalidate, max-age=0
                                    [x-redirect-by] => WordPress
                                    [location] => https://pizzeriahorebs.com/wp-login.php?redirect_to=https%3A%2F%2Fpizzeriahorebs.com%2Fwp-admin%2Foptions-general.php%3Fpage%3Dwebhooks&reauth=1
                                    [content-type] => text/html; charset=UTF-8
                                    [content-length] => 0
                                    [date] => Sun, 27 Aug 2023 00:42:47 GMT
                                    [server] => LiteSpeed
                                    [platform] => hostinger
                                    [content-security-policy] => upgrade-insecure-requests
                                    [alt-svc] => h3=":443"; ma=2592000, h3-29=":443"; ma=2592000, h3-Q050=":443"; ma=2592000, h3-Q046=":443"; ma=2592000, h3-Q043=":443"; ma=2592000, quic=":443"; ma=2592000; v="43,46"
                                )

                        )

                    [Body] => Webhook body is not logged unless WP_DEBUG mode is turned on. This is to avoid the storing of personal data in the logs.
                )

        )

)

2023-08-27T00:43:31+00:00 INFO Array
(
    [Webhook Delivery] => Array
        (
            [Delivery ID] => b40321eff51148df555ad3729d53ad5a
            [Date] => 27 Ago, 2023 @ 0:43
            [URL] => https://pizzeriahorebs.com/wp-admin/options-general.php?page=webhooks
            [Duration] => 0.23021
            [Request] => Array
                (
                    [Method] => POST
                    [Headers] => Array
                        (
                            [User-Agent] => WooCommerce/7.9.0 Hookshot (WordPress/6.2.2)
                            [Content-Type] => application/json
                            [X-WC-Webhook-Source] => https://pizzeriahorebs.com/
                            [X-WC-Webhook-Topic] => action.woocommerce_payment_complete
                            [X-WC-Webhook-Resource] => action
                            [X-WC-Webhook-Event] => woocommerce_payment_complete
                            [X-WC-Webhook-Signature] => 38+gMn4oz2wuCNKKWj+O+CMm1TTg/3vz3ndXkzLP5cw=
                            [X-WC-Webhook-ID] => 1
                            [X-WC-Webhook-Delivery-ID] => b40321eff51148df555ad3729d53ad5a
                        )

                )

            [Body] => Webhook body is not logged unless WP_DEBUG mode is turned on. This is to avoid the storing of personal data in the logs.
            [Response] => Array
                (
                    [Code] => 302
                    [Message] => Found
                    [Headers] => WpOrg\Requests\Utility\CaseInsensitiveDictionary Object
                        (
                            [data:protected] => Array
                                (
                                    [x-powered-by] => PHP/8.1.18
                                    [expires] => Wed, 11 Jan 1984 05:00:00 GMT
                                    [cache-control] => no-cache, no-store, must-revalidate, max-age=0
                                    [x-redirect-by] => WordPress
                                    [location] => https://pizzeriahorebs.com/wp-login.php?redirect_to=https%3A%2F%2Fpizzeriahorebs.com%2Fwp-admin%2Foptions-general.php%3Fpage%3Dwebhooks&reauth=1
                                    [content-type] => text/html; charset=UTF-8
                                    [content-length] => 0
                                    [date] => Sun, 27 Aug 2023 00:43:31 GMT
                                    [server] => LiteSpeed
                                    [platform] => hostinger
                                    [content-security-policy] => upgrade-insecure-requests
                                    [alt-svc] => h3=":443"; ma=2592000, h3-29=":443"; ma=2592000, h3-Q050=":443"; ma=2592000, h3-Q046=":443"; ma=2592000, h3-Q043=":443"; ma=2592000, quic=":443"; ma=2592000; v="43,46"
                                )

                        )

                    [Body] => Webhook body is not logged unless WP_DEBUG mode is turned on. This is to avoid the storing of personal data in the logs.
                )

        )

)

2023-08-27T00:45:16+00:00 INFO Array
(
    [Webhook Delivery] => Array
        (
            [Delivery ID] => 3d4189ad40221ba5d0628228f021f897
            [Date] => 27 Ago, 2023 @ 0:45
            [URL] => https://pizzeriahorebs.com/wp-admin/options-general.php?page=webhooks
            [Duration] => 0.21478
            [Request] => Array
                (
                    [Method] => POST
                    [Headers] => Array
                        (
                            [User-Agent] => WooCommerce/7.9.0 Hookshot (WordPress/6.2.2)
                            [Content-Type] => application/json
                            [X-WC-Webhook-Source] => https://pizzeriahorebs.com/
                            [X-WC-Webhook-Topic] => action.woocommerce_payment_complete
                            [X-WC-Webhook-Resource] => action
                            [X-WC-Webhook-Event] => woocommerce_payment_complete
                            [X-WC-Webhook-Signature] => 6ilc52eFQ/icpQCl85gA7HK+u/vlluGlOLtKyvDLG8I=
                            [X-WC-Webhook-ID] => 1
                            [X-WC-Webhook-Delivery-ID] => 3d4189ad40221ba5d0628228f021f897
                        )

                )

            [Body] => Webhook body is not logged unless WP_DEBUG mode is turned on. This is to avoid the storing of personal data in the logs.
            [Response] => Array
                (
                    [Code] => 302
                    [Message] => Found
                    [Headers] => WpOrg\Requests\Utility\CaseInsensitiveDictionary Object
                        (
                            [data:protected] => Array
                                (
                                    [x-powered-by] => PHP/8.1.18
                                    [expires] => Wed, 11 Jan 1984 05:00:00 GMT
                                    [cache-control] => no-cache, no-store, must-revalidate, max-age=0
                                    [x-redirect-by] => WordPress
                                    [location] => https://pizzeriahorebs.com/wp-login.php?redirect_to=https%3A%2F%2Fpizzeriahorebs.com%2Fwp-admin%2Foptions-general.php%3Fpage%3Dwebhooks&reauth=1
                                    [content-type] => text/html; charset=UTF-8
                                    [content-length] => 0
                                    [date] => Sun, 27 Aug 2023 00:45:16 GMT
                                    [server] => LiteSpeed
                                    [platform] => hostinger
                                    [content-security-policy] => upgrade-insecure-requests
                                    [alt-svc] => h3=":443"; ma=2592000, h3-29=":443"; ma=2592000, h3-Q050=":443"; ma=2592000, h3-Q046=":443"; ma=2592000, h3-Q043=":443"; ma=2592000, quic=":443"; ma=2592000; v="43,46"
                                )

                        )

                    [Body] => Webhook body is not logged unless WP_DEBUG mode is turned on. This is to avoid the storing of personal data in the logs.
                )

        )

)

2023-08-27T00:47:23+00:00 INFO Array
(
    [Webhook Delivery] => Array
        (
            [Delivery ID] => 190c00eaebfc8dd9afa87dd8bf241684
            [Date] => 27 Ago, 2023 @ 0:47
            [URL] => https://pizzeriahorebs.com/wp-admin/options-general.php?page=webhooks
            [Duration] => 0.2149
            [Request] => Array
                (
                    [Method] => POST
                    [Headers] => Array
                        (
                            [User-Agent] => WooCommerce/7.9.0 Hookshot (WordPress/6.2.2)
                            [Content-Type] => application/json
                            [X-WC-Webhook-Source] => https://pizzeriahorebs.com/
                            [X-WC-Webhook-Topic] => action.woocommerce_payment_complete
                            [X-WC-Webhook-Resource] => action
                            [X-WC-Webhook-Event] => woocommerce_payment_complete
                            [X-WC-Webhook-Signature] => 76UwtQp0C+lV2IQlQaGSrff4rmmDxZjtW9fNxePkwVk=
                            [X-WC-Webhook-ID] => 1
                            [X-WC-Webhook-Delivery-ID] => 190c00eaebfc8dd9afa87dd8bf241684
                        )

                )

            [Body] => Webhook body is not logged unless WP_DEBUG mode is turned on. This is to avoid the storing of personal data in the logs.
            [Response] => Array
                (
                    [Code] => 302
                    [Message] => Found
                    [Headers] => WpOrg\Requests\Utility\CaseInsensitiveDictionary Object
                        (
                            [data:protected] => Array
                                (
                                    [x-powered-by] => PHP/8.1.18
                                    [expires] => Wed, 11 Jan 1984 05:00:00 GMT
                                    [cache-control] => no-cache, no-store, must-revalidate, max-age=0
                                    [x-redirect-by] => WordPress
                                    [location] => https://pizzeriahorebs.com/wp-login.php?redirect_to=https%3A%2F%2Fpizzeriahorebs.com%2Fwp-admin%2Foptions-general.php%3Fpage%3Dwebhooks&reauth=1
                                    [content-type] => text/html; charset=UTF-8
                                    [content-length] => 0
                                    [date] => Sun, 27 Aug 2023 00:47:23 GMT
                                    [server] => LiteSpeed
                                    [platform] => hostinger
                                    [content-security-policy] => upgrade-insecure-requests
                                    [alt-svc] => h3=":443"; ma=2592000, h3-29=":443"; ma=2592000, h3-Q050=":443"; ma=2592000, h3-Q046=":443"; ma=2592000, h3-Q043=":443"; ma=2592000, quic=":443"; ma=2592000; v="43,46"
                                )

                        )

                    [Body] => Webhook body is not logged unless WP_DEBUG mode is turned on. This is to avoid the storing of personal data in the logs.
                )

        )

)

2023-08-27T00:56:37+00:00 INFO Array
(
    [Webhook Delivery] => Array
        (
            [Delivery ID] => 02093b2d7c31bae2d6cd14fe9c280f8a
            [Date] => 27 Ago, 2023 @ 0:56
            [URL] => https://pizzeriahorebs.com/wp-admin/options-general.php?page=webhooks
            [Duration] => 0.44459
            [Request] => Array
                (
                    [Method] => POST
                    [Headers] => Array
                        (
                            [User-Agent] => WooCommerce/7.9.0 Hookshot (WordPress/6.2.2)
                            [Content-Type] => application/json
                            [X-WC-Webhook-Source] => https://pizzeriahorebs.com/
                            [X-WC-Webhook-Topic] => action.woocommerce_payment_complete
                            [X-WC-Webhook-Resource] => action
                            [X-WC-Webhook-Event] => woocommerce_payment_complete
                            [X-WC-Webhook-Signature] => M7/e/pLB3qJd62JkvFLV8vAv4FLr7yKzqk7o3oQbTg8=
                            [X-WC-Webhook-ID] => 1
                            [X-WC-Webhook-Delivery-ID] => 02093b2d7c31bae2d6cd14fe9c280f8a
                        )

                )

            [Body] => Webhook body is not logged unless WP_DEBUG mode is turned on. This is to avoid the storing of personal data in the logs.
            [Response] => Array
                (
                    [Code] => 302
                    [Message] => Found
                    [Headers] => WpOrg\Requests\Utility\CaseInsensitiveDictionary Object
                        (
                            [data:protected] => Array
                                (
                                    [x-powered-by] => PHP/8.1.18
                                    [expires] => Wed, 11 Jan 1984 05:00:00 GMT
                                    [cache-control] => no-cache, no-store, must-revalidate, max-age=0
                                    [x-redirect-by] => WordPress
                                    [location] => https://pizzeriahorebs.com/wp-login.php?redirect_to=https%3A%2F%2Fpizzeriahorebs.com%2Fwp-admin%2Foptions-general.php%3Fpage%3Dwebhooks&reauth=1
                                    [content-type] => text/html; charset=UTF-8
                                    [content-length] => 0
                                    [date] => Sun, 27 Aug 2023 00:56:37 GMT
                                    [server] => LiteSpeed
                                    [platform] => hostinger
                                    [content-security-policy] => upgrade-insecure-requests
                                    [alt-svc] => h3=":443"; ma=2592000, h3-29=":443"; ma=2592000, h3-Q050=":443"; ma=2592000, h3-Q046=":443"; ma=2592000, h3-Q043=":443"; ma=2592000, quic=":443"; ma=2592000; v="43,46"
                                )

                        )

                    [Body] => Webhook body is not logged unless WP_DEBUG mode is turned on. This is to avoid the storing of personal data in the logs.
                )

        )

)

2023-08-27T00:57:44+00:00 INFO Array
(
    [Webhook Delivery] => Array
        (
            [Delivery ID] => 4b94f6b00ee97b86a8093644a610fce7
            [Date] => 27 Ago, 2023 @ 0:57
            [URL] => https://pizzeriahorebs.com/wp-admin/options-general.php?page=webhooks
            [Duration] => 0.23152
            [Request] => Array
                (
                    [Method] => POST
                    [Headers] => Array
                        (
                            [User-Agent] => WooCommerce/7.9.0 Hookshot (WordPress/6.2.2)
                            [Content-Type] => application/json
                            [X-WC-Webhook-Source] => https://pizzeriahorebs.com/
                            [X-WC-Webhook-Topic] => action.woocommerce_payment_complete
                            [X-WC-Webhook-Resource] => action
                            [X-WC-Webhook-Event] => woocommerce_payment_complete
                            [X-WC-Webhook-Signature] => +qWPJ8JywBPXYonBFGjtvInmErqeS96rU0iFZq3FhaM=
                            [X-WC-Webhook-ID] => 1
                            [X-WC-Webhook-Delivery-ID] => 4b94f6b00ee97b86a8093644a610fce7
                        )

                )

            [Body] => Webhook body is not logged unless WP_DEBUG mode is turned on. This is to avoid the storing of personal data in the logs.
            [Response] => Array
                (
                    [Code] => 302
                    [Message] => Found
                    [Headers] => WpOrg\Requests\Utility\CaseInsensitiveDictionary Object
                        (
                            [data:protected] => Array
                                (
                                    [x-powered-by] => PHP/8.1.18
                                    [expires] => Wed, 11 Jan 1984 05:00:00 GMT
                                    [cache-control] => no-cache, no-store, must-revalidate, max-age=0
                                    [x-redirect-by] => WordPress
                                    [location] => https://pizzeriahorebs.com/wp-login.php?redirect_to=https%3A%2F%2Fpizzeriahorebs.com%2Fwp-admin%2Foptions-general.php%3Fpage%3Dwebhooks&reauth=1
                                    [content-type] => text/html; charset=UTF-8
                                    [content-length] => 0
                                    [date] => Sun, 27 Aug 2023 00:57:44 GMT
                                    [server] => LiteSpeed
                                    [platform] => hostinger
                                    [content-security-policy] => upgrade-insecure-requests
                                    [alt-svc] => h3=":443"; ma=2592000, h3-29=":443"; ma=2592000, h3-Q050=":443"; ma=2592000, h3-Q046=":443"; ma=2592000, h3-Q043=":443"; ma=2592000, quic=":443"; ma=2592000; v="43,46"
                                )

                        )

                    [Body] => Webhook body is not logged unless WP_DEBUG mode is turned on. This is to avoid the storing of personal data in the logs.
                )

        )

)

2023-08-27T01:02:45+00:00 INFO Array
(
    [Webhook Delivery] => Array
        (
            [Delivery ID] => 06dbb17bf5457c28f648377cf935b454
            [Date] => 27 Ago, 2023 @ 1:02
            [URL] => https://pizzeriahorebs.com/wp-admin/options-general.php?page=webhooks
            [Duration] => 0.22143
            [Request] => Array
                (
                    [Method] => POST
                    [Headers] => Array
                        (
                            [User-Agent] => WooCommerce/7.9.0 Hookshot (WordPress/6.2.2)
                            [Content-Type] => application/json
                            [X-WC-Webhook-Source] => https://pizzeriahorebs.com/
                            [X-WC-Webhook-Topic] => action.woocommerce_payment_complete
                            [X-WC-Webhook-Resource] => action
                            [X-WC-Webhook-Event] => woocommerce_payment_complete
                            [X-WC-Webhook-Signature] => vsdlrhj1VhEAS2bsLzxXt+NqdjajrfpKEbUCj6WZ85o=
                            [X-WC-Webhook-ID] => 1
                            [X-WC-Webhook-Delivery-ID] => 06dbb17bf5457c28f648377cf935b454
                        )

                )

            [Body] => Webhook body is not logged unless WP_DEBUG mode is turned on. This is to avoid the storing of personal data in the logs.
            [Response] => Array
                (
                    [Code] => 302
                    [Message] => Found
                    [Headers] => WpOrg\Requests\Utility\CaseInsensitiveDictionary Object
                        (
                            [data:protected] => Array
                                (
                                    [x-powered-by] => PHP/8.1.18
                                    [expires] => Wed, 11 Jan 1984 05:00:00 GMT
                                    [cache-control] => no-cache, no-store, must-revalidate, max-age=0
                                    [x-redirect-by] => WordPress
                                    [location] => https://pizzeriahorebs.com/wp-login.php?redirect_to=https%3A%2F%2Fpizzeriahorebs.com%2Fwp-admin%2Foptions-general.php%3Fpage%3Dwebhooks&reauth=1
                                    [content-type] => text/html; charset=UTF-8
                                    [content-length] => 0
                                    [date] => Sun, 27 Aug 2023 01:02:45 GMT
                                    [server] => LiteSpeed
                                    [platform] => hostinger
                                    [content-security-policy] => upgrade-insecure-requests
                                    [alt-svc] => h3=":443"; ma=2592000, h3-29=":443"; ma=2592000, h3-Q050=":443"; ma=2592000, h3-Q046=":443"; ma=2592000, h3-Q043=":443"; ma=2592000, quic=":443"; ma=2592000; v="43,46"
                                )

                        )

                    [Body] => Webhook body is not logged unless WP_DEBUG mode is turned on. This is to avoid the storing of personal data in the logs.
                )

        )

)

2023-08-27T01:13:51+00:00 INFO Array
(
    [Webhook Delivery] => Array
        (
            [Delivery ID] => e8cf22b3d60175b45ad127c6831bcc26
            [Date] => 27 Ago, 2023 @ 1:13
            [URL] => https://pizzeriahorebs.com/wp-admin/options-general.php?page=webhooks
            [Duration] => 0.24921
            [Request] => Array
                (
                    [Method] => POST
                    [Headers] => Array
                        (
                            [User-Agent] => WooCommerce/7.9.0 Hookshot (WordPress/6.2.2)
                            [Content-Type] => application/json
                            [X-WC-Webhook-Source] => https://pizzeriahorebs.com/
                            [X-WC-Webhook-Topic] => action.woocommerce_payment_complete
                            [X-WC-Webhook-Resource] => action
                            [X-WC-Webhook-Event] => woocommerce_payment_complete
                            [X-WC-Webhook-Signature] => n2D4Elrq9mlkf+7j7ijmS13O7UBx5oUoK3VznrQxswc=
                            [X-WC-Webhook-ID] => 1
                            [X-WC-Webhook-Delivery-ID] => e8cf22b3d60175b45ad127c6831bcc26
                        )

                )

            [Body] => Webhook body is not logged unless WP_DEBUG mode is turned on. This is to avoid the storing of personal data in the logs.
            [Response] => Array
                (
                    [Code] => 302
                    [Message] => Found
                    [Headers] => WpOrg\Requests\Utility\CaseInsensitiveDictionary Object
                        (
                            [data:protected] => Array
                                (
                                    [x-powered-by] => PHP/8.1.18
                                    [expires] => Wed, 11 Jan 1984 05:00:00 GMT
                                    [cache-control] => no-cache, no-store, must-revalidate, max-age=0
                                    [x-redirect-by] => WordPress
                                    [location] => https://pizzeriahorebs.com/wp-login.php?redirect_to=https%3A%2F%2Fpizzeriahorebs.com%2Fwp-admin%2Foptions-general.php%3Fpage%3Dwebhooks&reauth=1
                                    [content-type] => text/html; charset=UTF-8
                                    [content-length] => 0
                                    [date] => Sun, 27 Aug 2023 01:13:51 GMT
                                    [server] => LiteSpeed
                                    [platform] => hostinger
                                    [content-security-policy] => upgrade-insecure-requests
                                    [alt-svc] => h3=":443"; ma=2592000, h3-29=":443"; ma=2592000, h3-Q050=":443"; ma=2592000, h3-Q046=":443"; ma=2592000, h3-Q043=":443"; ma=2592000, quic=":443"; ma=2592000; v="43,46"
                                )

                        )

                    [Body] => Webhook body is not logged unless WP_DEBUG mode is turned on. This is to avoid the storing of personal data in the logs.
                )

        )

)

2023-08-27T01:15:15+00:00 INFO Array
(
    [Webhook Delivery] => Array
        (
            [Delivery ID] => ea81dfe730257395b0958679a0028223
            [Date] => 27 Ago, 2023 @ 1:15
            [URL] => https://pizzeriahorebs.com/wp-admin/options-general.php?page=webhooks
            [Duration] => 0.26124
            [Request] => Array
                (
                    [Method] => POST
                    [Headers] => Array
                        (
                            [User-Agent] => WooCommerce/7.9.0 Hookshot (WordPress/6.2.2)
                            [Content-Type] => application/json
                            [X-WC-Webhook-Source] => https://pizzeriahorebs.com/
                            [X-WC-Webhook-Topic] => action.woocommerce_payment_complete
                            [X-WC-Webhook-Resource] => action
                            [X-WC-Webhook-Event] => woocommerce_payment_complete
                            [X-WC-Webhook-Signature] => 7KjcBvf5/Q15DfRKzG/ov5il331Ump/SvOwCgPqw5ac=
                            [X-WC-Webhook-ID] => 1
                            [X-WC-Webhook-Delivery-ID] => ea81dfe730257395b0958679a0028223
                        )

                )

            [Body] => Webhook body is not logged unless WP_DEBUG mode is turned on. This is to avoid the storing of personal data in the logs.
            [Response] => Array
                (
                    [Code] => 302
                    [Message] => Found
                    [Headers] => WpOrg\Requests\Utility\CaseInsensitiveDictionary Object
                        (
                            [data:protected] => Array
                                (
                                    [x-powered-by] => PHP/8.1.18
                                    [expires] => Wed, 11 Jan 1984 05:00:00 GMT
                                    [cache-control] => no-cache, no-store, must-revalidate, max-age=0
                                    [x-redirect-by] => WordPress
                                    [location] => https://pizzeriahorebs.com/wp-login.php?redirect_to=https%3A%2F%2Fpizzeriahorebs.com%2Fwp-admin%2Foptions-general.php%3Fpage%3Dwebhooks&reauth=1
                                    [content-type] => text/html; charset=UTF-8
                                    [content-length] => 0
                                    [date] => Sun, 27 Aug 2023 01:15:15 GMT
                                    [server] => LiteSpeed
                                    [platform] => hostinger
                                    [content-security-policy] => upgrade-insecure-requests
                                    [alt-svc] => h3=":443"; ma=2592000, h3-29=":443"; ma=2592000, h3-Q050=":443"; ma=2592000, h3-Q046=":443"; ma=2592000, h3-Q043=":443"; ma=2592000, quic=":443"; ma=2592000; v="43,46"
                                )

                        )

                    [Body] => Webhook body is not logged unless WP_DEBUG mode is turned on. This is to avoid the storing of personal data in the logs.
                )

        )

)

2023-08-27T01:20:16+00:00 INFO Array
(
    [Webhook Delivery] => Array
        (
            [Delivery ID] => 9abc792416622cb9f14347ad74dfd76d
            [Date] => 27 Ago, 2023 @ 1:20
            [URL] => https://pizzeriahorebs.com/wp-admin/options-general.php?page=webhooks
            [Duration] => 0.24129
            [Request] => Array
                (
                    [Method] => POST
                    [Headers] => Array
                        (
                            [User-Agent] => WooCommerce/7.9.0 Hookshot (WordPress/6.2.2)
                            [Content-Type] => application/json
                            [X-WC-Webhook-Source] => https://pizzeriahorebs.com/
                            [X-WC-Webhook-Topic] => action.woocommerce_payment_complete
                            [X-WC-Webhook-Resource] => action
                            [X-WC-Webhook-Event] => woocommerce_payment_complete
                            [X-WC-Webhook-Signature] => 1rk1JPd0XXPXxh2wVB0ItsbUA9fgjV0o32ljNntuKQM=
                            [X-WC-Webhook-ID] => 1
                            [X-WC-Webhook-Delivery-ID] => 9abc792416622cb9f14347ad74dfd76d
                        )

                )

            [Body] => Webhook body is not logged unless WP_DEBUG mode is turned on. This is to avoid the storing of personal data in the logs.
            [Response] => Array
                (
                    [Code] => 302
                    [Message] => Found
                    [Headers] => WpOrg\Requests\Utility\CaseInsensitiveDictionary Object
                        (
                            [data:protected] => Array
                                (
                                    [x-powered-by] => PHP/8.1.18
                                    [expires] => Wed, 11 Jan 1984 05:00:00 GMT
                                    [cache-control] => no-cache, no-store, must-revalidate, max-age=0
                                    [x-redirect-by] => WordPress
                                    [location] => https://pizzeriahorebs.com/wp-login.php?redirect_to=https%3A%2F%2Fpizzeriahorebs.com%2Fwp-admin%2Foptions-general.php%3Fpage%3Dwebhooks&reauth=1
                                    [content-type] => text/html; charset=UTF-8
                                    [content-length] => 0
                                    [date] => Sun, 27 Aug 2023 01:20:16 GMT
                                    [server] => LiteSpeed
                                    [platform] => hostinger
                                    [content-security-policy] => upgrade-insecure-requests
                                    [alt-svc] => h3=":443"; ma=2592000, h3-29=":443"; ma=2592000, h3-Q050=":443"; ma=2592000, h3-Q046=":443"; ma=2592000, h3-Q043=":443"; ma=2592000, quic=":443"; ma=2592000; v="43,46"
                                )

                        )

                    [Body] => Webhook body is not logged unless WP_DEBUG mode is turned on. This is to avoid the storing of personal data in the logs.
                )

        )

)

2023-08-27T01:55:35+00:00 INFO Array
(
    [Webhook Delivery] => Array
        (
            [Delivery ID] => 97ac05b4dbb945c9448ba62a61678e31
            [Date] => 27 Ago, 2023 @ 1:55
            [URL] => https://pizzeriahorebs.com/wp-admin/options-general.php?page=webhooks
            [Duration] => 0.38928
            [Request] => Array
                (
                    [Method] => POST
                    [Headers] => Array
                        (
                            [User-Agent] => WooCommerce/7.9.0 Hookshot (WordPress/6.2.2)
                            [Content-Type] => application/json
                            [X-WC-Webhook-Source] => https://pizzeriahorebs.com/
                            [X-WC-Webhook-Topic] => action.woocommerce_payment_complete
                            [X-WC-Webhook-Resource] => action
                            [X-WC-Webhook-Event] => woocommerce_payment_complete
                            [X-WC-Webhook-Signature] => DTVBDiNfQyoh0qfyUS7LF5SdCOTpBbLTVpQ80HSlz94=
                            [X-WC-Webhook-ID] => 1
                            [X-WC-Webhook-Delivery-ID] => 97ac05b4dbb945c9448ba62a61678e31
                        )

                )

            [Body] => Webhook body is not logged unless WP_DEBUG mode is turned on. This is to avoid the storing of personal data in the logs.
            [Response] => Array
                (
                    [Code] => 302
                    [Message] => Found
                    [Headers] => WpOrg\Requests\Utility\CaseInsensitiveDictionary Object
                        (
                            [data:protected] => Array
                                (
                                    [x-powered-by] => PHP/8.1.18
                                    [expires] => Wed, 11 Jan 1984 05:00:00 GMT
                                    [cache-control] => no-cache, no-store, must-revalidate, max-age=0
                                    [x-redirect-by] => WordPress
                                    [location] => https://pizzeriahorebs.com/wp-login.php?redirect_to=https%3A%2F%2Fpizzeriahorebs.com%2Fwp-admin%2Foptions-general.php%3Fpage%3Dwebhooks&reauth=1
                                    [content-type] => text/html; charset=UTF-8
                                    [content-length] => 0
                                    [date] => Sun, 27 Aug 2023 01:55:35 GMT
                                    [server] => LiteSpeed
                                    [platform] => hostinger
                                    [content-security-policy] => upgrade-insecure-requests
                                    [alt-svc] => h3=":443"; ma=2592000, h3-29=":443"; ma=2592000, h3-Q050=":443"; ma=2592000, h3-Q046=":443"; ma=2592000, h3-Q043=":443"; ma=2592000, quic=":443"; ma=2592000; v="43,46"
                                )

                        )

                    [Body] => Webhook body is not logged unless WP_DEBUG mode is turned on. This is to avoid the storing of personal data in the logs.
                )

        )

)

2023-08-27T01:56:16+00:00 INFO Array
(
    [Webhook Delivery] => Array
        (
            [Delivery ID] => 64b7e2fc3de2f532be2e253fbfc13a81
            [Date] => 27 Ago, 2023 @ 1:56
            [URL] => https://pizzeriahorebs.com/wp-admin/options-general.php?page=webhooks
            [Duration] => 0.22237
            [Request] => Array
                (
                    [Method] => POST
                    [Headers] => Array
                        (
                            [User-Agent] => WooCommerce/7.9.0 Hookshot (WordPress/6.2.2)
                            [Content-Type] => application/json
                            [X-WC-Webhook-Source] => https://pizzeriahorebs.com/
                            [X-WC-Webhook-Topic] => action.woocommerce_payment_complete
                            [X-WC-Webhook-Resource] => action
                            [X-WC-Webhook-Event] => woocommerce_payment_complete
                            [X-WC-Webhook-Signature] => Z6omNvkEY53LSjcFe9fBlkPa78lkuxhPqq0SWgeyyz4=
                            [X-WC-Webhook-ID] => 1
                            [X-WC-Webhook-Delivery-ID] => 64b7e2fc3de2f532be2e253fbfc13a81
                        )

                )

            [Body] => Webhook body is not logged unless WP_DEBUG mode is turned on. This is to avoid the storing of personal data in the logs.
            [Response] => Array
                (
                    [Code] => 302
                    [Message] => Found
                    [Headers] => WpOrg\Requests\Utility\CaseInsensitiveDictionary Object
                        (
                            [data:protected] => Array
                                (
                                    [x-powered-by] => PHP/8.1.18
                                    [expires] => Wed, 11 Jan 1984 05:00:00 GMT
                                    [cache-control] => no-cache, no-store, must-revalidate, max-age=0
                                    [x-redirect-by] => WordPress
                                    [location] => https://pizzeriahorebs.com/wp-login.php?redirect_to=https%3A%2F%2Fpizzeriahorebs.com%2Fwp-admin%2Foptions-general.php%3Fpage%3Dwebhooks&reauth=1
                                    [content-type] => text/html; charset=UTF-8
                                    [content-length] => 0
                                    [date] => Sun, 27 Aug 2023 01:56:16 GMT
                                    [server] => LiteSpeed
                                    [platform] => hostinger
                                    [content-security-policy] => upgrade-insecure-requests
                                    [alt-svc] => h3=":443"; ma=2592000, h3-29=":443"; ma=2592000, h3-Q050=":443"; ma=2592000, h3-Q046=":443"; ma=2592000, h3-Q043=":443"; ma=2592000, quic=":443"; ma=2592000; v="43,46"
                                )

                        )

                    [Body] => Webhook body is not logged unless WP_DEBUG mode is turned on. This is to avoid the storing of personal data in the logs.
                )

        )

)

2023-08-27T02:04:24+00:00 INFO Array
(
    [Webhook Delivery] => Array
        (
            [Delivery ID] => 0aaa798316b0468bc5089126006b4260
            [Date] => 27 Ago, 2023 @ 2:04
            [URL] => https://pizzeriahorebs.com/wp-admin/options-general.php?page=webhooks
            [Duration] => 0.25166
            [Request] => Array
                (
                    [Method] => POST
                    [Headers] => Array
                        (
                            [User-Agent] => WooCommerce/7.9.0 Hookshot (WordPress/6.2.2)
                            [Content-Type] => application/json
                            [X-WC-Webhook-Source] => https://pizzeriahorebs.com/
                            [X-WC-Webhook-Topic] => action.woocommerce_payment_complete
                            [X-WC-Webhook-Resource] => action
                            [X-WC-Webhook-Event] => woocommerce_payment_complete
                            [X-WC-Webhook-Signature] => q293aLY43FlO0j+oGaQMQVjgiuj8r7Hs/3TXWYW4ahk=
                            [X-WC-Webhook-ID] => 1
                            [X-WC-Webhook-Delivery-ID] => 0aaa798316b0468bc5089126006b4260
                        )

                )

            [Body] => Webhook body is not logged unless WP_DEBUG mode is turned on. This is to avoid the storing of personal data in the logs.
            [Response] => Array
                (
                    [Code] => 302
                    [Message] => Found
                    [Headers] => WpOrg\Requests\Utility\CaseInsensitiveDictionary Object
                        (
                            [data:protected] => Array
                                (
                                    [x-powered-by] => PHP/8.1.18
                                    [expires] => Wed, 11 Jan 1984 05:00:00 GMT
                                    [cache-control] => no-cache, no-store, must-revalidate, max-age=0
                                    [x-redirect-by] => WordPress
                                    [location] => https://pizzeriahorebs.com/wp-login.php?redirect_to=https%3A%2F%2Fpizzeriahorebs.com%2Fwp-admin%2Foptions-general.php%3Fpage%3Dwebhooks&reauth=1
                                    [content-type] => text/html; charset=UTF-8
                                    [content-length] => 0
                                    [date] => Sun, 27 Aug 2023 02:04:24 GMT
                                    [server] => LiteSpeed
                                    [platform] => hostinger
                                    [content-security-policy] => upgrade-insecure-requests
                                    [alt-svc] => h3=":443"; ma=2592000, h3-29=":443"; ma=2592000, h3-Q050=":443"; ma=2592000, h3-Q046=":443"; ma=2592000, h3-Q043=":443"; ma=2592000, quic=":443"; ma=2592000; v="43,46"
                                )

                        )

                    [Body] => Webhook body is not logged unless WP_DEBUG mode is turned on. This is to avoid the storing of personal data in the logs.
                )

        )

)

2023-08-27T02:17:45+00:00 INFO Array
(
    [Webhook Delivery] => Array
        (
            [Delivery ID] => ac100c3223ac38662b02d9405e459ca4
            [Date] => 27 Ago, 2023 @ 2:17
            [URL] => https://pizzeriahorebs.com/wp-admin/options-general.php?page=webhooks
            [Duration] => 0.23176
            [Request] => Array
                (
                    [Method] => POST
                    [Headers] => Array
                        (
                            [User-Agent] => WooCommerce/7.9.0 Hookshot (WordPress/6.2.2)
                            [Content-Type] => application/json
                            [X-WC-Webhook-Source] => https://pizzeriahorebs.com/
                            [X-WC-Webhook-Topic] => action.woocommerce_payment_complete
                            [X-WC-Webhook-Resource] => action
                            [X-WC-Webhook-Event] => woocommerce_payment_complete
                            [X-WC-Webhook-Signature] => ZeEBevZhWzV9CRmuO+UopZLab1tiY6FKM5wCzGq1964=
                            [X-WC-Webhook-ID] => 1
                            [X-WC-Webhook-Delivery-ID] => ac100c3223ac38662b02d9405e459ca4
                        )

                )

            [Body] => Webhook body is not logged unless WP_DEBUG mode is turned on. This is to avoid the storing of personal data in the logs.
            [Response] => Array
                (
                    [Code] => 302
                    [Message] => Found
                    [Headers] => WpOrg\Requests\Utility\CaseInsensitiveDictionary Object
                        (
                            [data:protected] => Array
                                (
                                    [x-powered-by] => PHP/8.1.18
                                    [expires] => Wed, 11 Jan 1984 05:00:00 GMT
                                    [cache-control] => no-cache, no-store, must-revalidate, max-age=0
                                    [x-redirect-by] => WordPress
                                    [location] => https://pizzeriahorebs.com/wp-login.php?redirect_to=https%3A%2F%2Fpizzeriahorebs.com%2Fwp-admin%2Foptions-general.php%3Fpage%3Dwebhooks&reauth=1
                                    [content-type] => text/html; charset=UTF-8
                                    [content-length] => 0
                                    [date] => Sun, 27 Aug 2023 02:17:45 GMT
                                    [server] => LiteSpeed
                                    [platform] => hostinger
                                    [content-security-policy] => upgrade-insecure-requests
                                    [alt-svc] => h3=":443"; ma=2592000, h3-29=":443"; ma=2592000, h3-Q050=":443"; ma=2592000, h3-Q046=":443"; ma=2592000, h3-Q043=":443"; ma=2592000, quic=":443"; ma=2592000; v="43,46"
                                )

                        )

                    [Body] => Webhook body is not logged unless WP_DEBUG mode is turned on. This is to avoid the storing of personal data in the logs.
                )

        )

)

2023-08-27T02:28:15+00:00 INFO Array
(
    [Webhook Delivery] => Array
        (
            [Delivery ID] => fe24c96ce9420617e3437661125ac00c
            [Date] => 27 Ago, 2023 @ 2:28
            [URL] => https://pizzeriahorebs.com/wp-admin/options-general.php?page=webhooks
            [Duration] => 0.22063
            [Request] => Array
                (
                    [Method] => POST
                    [Headers] => Array
                        (
                            [User-Agent] => WooCommerce/7.9.0 Hookshot (WordPress/6.2.2)
                            [Content-Type] => application/json
                            [X-WC-Webhook-Source] => https://pizzeriahorebs.com/
                            [X-WC-Webhook-Topic] => action.woocommerce_payment_complete
                            [X-WC-Webhook-Resource] => action
                            [X-WC-Webhook-Event] => woocommerce_payment_complete
                            [X-WC-Webhook-Signature] => tH8sIDYsux7ozt7cN1nQOJHuv2We/58MjsiIjjpHrZY=
                            [X-WC-Webhook-ID] => 1
                            [X-WC-Webhook-Delivery-ID] => fe24c96ce9420617e3437661125ac00c
                        )

                )

            [Body] => Webhook body is not logged unless WP_DEBUG mode is turned on. This is to avoid the storing of personal data in the logs.
            [Response] => Array
                (
                    [Code] => 302
                    [Message] => Found
                    [Headers] => WpOrg\Requests\Utility\CaseInsensitiveDictionary Object
                        (
                            [data:protected] => Array
                                (
                                    [x-powered-by] => PHP/8.1.18
                                    [expires] => Wed, 11 Jan 1984 05:00:00 GMT
                                    [cache-control] => no-cache, no-store, must-revalidate, max-age=0
                                    [x-redirect-by] => WordPress
                                    [location] => https://pizzeriahorebs.com/wp-login.php?redirect_to=https%3A%2F%2Fpizzeriahorebs.com%2Fwp-admin%2Foptions-general.php%3Fpage%3Dwebhooks&reauth=1
                                    [content-type] => text/html; charset=UTF-8
                                    [content-length] => 0
                                    [date] => Sun, 27 Aug 2023 02:28:15 GMT
                                    [server] => LiteSpeed
                                    [platform] => hostinger
                                    [content-security-policy] => upgrade-insecure-requests
                                    [alt-svc] => h3=":443"; ma=2592000, h3-29=":443"; ma=2592000, h3-Q050=":443"; ma=2592000, h3-Q046=":443"; ma=2592000, h3-Q043=":443"; ma=2592000, quic=":443"; ma=2592000; v="43,46"
                                )

                        )

                    [Body] => Webhook body is not logged unless WP_DEBUG mode is turned on. This is to avoid the storing of personal data in the logs.
                )

        )

)

2023-08-27T02:30:24+00:00 INFO Array
(
    [Webhook Delivery] => Array
        (
            [Delivery ID] => cda679cbfbb3d647a2e98a8799f14576
            [Date] => 27 Ago, 2023 @ 2:30
            [URL] => https://pizzeriahorebs.com/wp-admin/options-general.php?page=webhooks
            [Duration] => 0.22271
            [Request] => Array
                (
                    [Method] => POST
                    [Headers] => Array
                        (
                            [User-Agent] => WooCommerce/7.9.0 Hookshot (WordPress/6.2.2)
                            [Content-Type] => application/json
                            [X-WC-Webhook-Source] => https://pizzeriahorebs.com/
                            [X-WC-Webhook-Topic] => action.woocommerce_payment_complete
                            [X-WC-Webhook-Resource] => action
                            [X-WC-Webhook-Event] => woocommerce_payment_complete
                            [X-WC-Webhook-Signature] => JGiNcuOXuicVAz07p4YJq9Jc50A/VwmDfPmufnX2kN8=
                            [X-WC-Webhook-ID] => 1
                            [X-WC-Webhook-Delivery-ID] => cda679cbfbb3d647a2e98a8799f14576
                        )

                )

            [Body] => Webhook body is not logged unless WP_DEBUG mode is turned on. This is to avoid the storing of personal data in the logs.
            [Response] => Array
                (
                    [Code] => 302
                    [Message] => Found
                    [Headers] => WpOrg\Requests\Utility\CaseInsensitiveDictionary Object
                        (
                            [data:protected] => Array
                                (
                                    [x-powered-by] => PHP/8.1.18
                                    [expires] => Wed, 11 Jan 1984 05:00:00 GMT
                                    [cache-control] => no-cache, no-store, must-revalidate, max-age=0
                                    [x-redirect-by] => WordPress
                                    [location] => https://pizzeriahorebs.com/wp-login.php?redirect_to=https%3A%2F%2Fpizzeriahorebs.com%2Fwp-admin%2Foptions-general.php%3Fpage%3Dwebhooks&reauth=1
                                    [content-type] => text/html; charset=UTF-8
                                    [content-length] => 0
                                    [date] => Sun, 27 Aug 2023 02:30:24 GMT
                                    [server] => LiteSpeed
                                    [platform] => hostinger
                                    [content-security-policy] => upgrade-insecure-requests
                                    [alt-svc] => h3=":443"; ma=2592000, h3-29=":443"; ma=2592000, h3-Q050=":443"; ma=2592000, h3-Q046=":443"; ma=2592000, h3-Q043=":443"; ma=2592000, quic=":443"; ma=2592000; v="43,46"
                                )

                        )

                    [Body] => Webhook body is not logged unless WP_DEBUG mode is turned on. This is to avoid the storing of personal data in the logs.
                )

        )

)

2023-08-27T02:31:45+00:00 INFO Array
(
    [Webhook Delivery] => Array
        (
            [Delivery ID] => caf3332094e46f7a89547f6a6b6cc212
            [Date] => 27 Ago, 2023 @ 2:31
            [URL] => https://pizzeriahorebs.com/wp-admin/options-general.php?page=webhooks
            [Duration] => 0.22578
            [Request] => Array
                (
                    [Method] => POST
                    [Headers] => Array
                        (
                            [User-Agent] => WooCommerce/7.9.0 Hookshot (WordPress/6.2.2)
                            [Content-Type] => application/json
                            [X-WC-Webhook-Source] => https://pizzeriahorebs.com/
                            [X-WC-Webhook-Topic] => action.woocommerce_payment_complete
                            [X-WC-Webhook-Resource] => action
                            [X-WC-Webhook-Event] => woocommerce_payment_complete
                            [X-WC-Webhook-Signature] => zhH+PSJVhYCm6otfxLQyfmptxKV1iqIjfNVn+uuqjcY=
                            [X-WC-Webhook-ID] => 1
                            [X-WC-Webhook-Delivery-ID] => caf3332094e46f7a89547f6a6b6cc212
                        )

                )

            [Body] => Webhook body is not logged unless WP_DEBUG mode is turned on. This is to avoid the storing of personal data in the logs.
            [Response] => Array
                (
                    [Code] => 302
                    [Message] => Found
                    [Headers] => WpOrg\Requests\Utility\CaseInsensitiveDictionary Object
                        (
                            [data:protected] => Array
                                (
                                    [x-powered-by] => PHP/8.1.18
                                    [expires] => Wed, 11 Jan 1984 05:00:00 GMT
                                    [cache-control] => no-cache, no-store, must-revalidate, max-age=0
                                    [x-redirect-by] => WordPress
                                    [location] => https://pizzeriahorebs.com/wp-login.php?redirect_to=https%3A%2F%2Fpizzeriahorebs.com%2Fwp-admin%2Foptions-general.php%3Fpage%3Dwebhooks&reauth=1
                                    [content-type] => text/html; charset=UTF-8
                                    [content-length] => 0
                                    [date] => Sun, 27 Aug 2023 02:31:45 GMT
                                    [server] => LiteSpeed
                                    [platform] => hostinger
                                    [content-security-policy] => upgrade-insecure-requests
                                    [alt-svc] => h3=":443"; ma=2592000, h3-29=":443"; ma=2592000, h3-Q050=":443"; ma=2592000, h3-Q046=":443"; ma=2592000, h3-Q043=":443"; ma=2592000, quic=":443"; ma=2592000; v="43,46"
                                )

                        )

                    [Body] => Webhook body is not logged unless WP_DEBUG mode is turned on. This is to avoid the storing of personal data in the logs.
                )

        )

)

2023-08-27T03:14:57+00:00 INFO Array
(
    [Webhook Delivery] => Array
        (
            [Delivery ID] => fd888bdb13b58870328a0c1d229bf8c8
            [Date] => 27 Ago, 2023 @ 3:14
            [URL] => https://pizzeriahorebs.com/wp-admin/options-general.php?page=webhooks
            [Duration] => 0.23927
            [Request] => Array
                (
                    [Method] => POST
                    [Headers] => Array
                        (
                            [User-Agent] => WooCommerce/7.9.0 Hookshot (WordPress/6.2.2)
                            [Content-Type] => application/json
                            [X-WC-Webhook-Source] => https://pizzeriahorebs.com/
                            [X-WC-Webhook-Topic] => action.woocommerce_payment_complete
                            [X-WC-Webhook-Resource] => action
                            [X-WC-Webhook-Event] => woocommerce_payment_complete
                            [X-WC-Webhook-Signature] => MyZVrUbb/5r5r1Kr7MASVtjnXsrnj0T4m0DzOdxq0Y4=
                            [X-WC-Webhook-ID] => 1
                            [X-WC-Webhook-Delivery-ID] => fd888bdb13b58870328a0c1d229bf8c8
                        )

                )

            [Body] => Webhook body is not logged unless WP_DEBUG mode is turned on. This is to avoid the storing of personal data in the logs.
            [Response] => Array
                (
                    [Code] => 302
                    [Message] => Found
                    [Headers] => WpOrg\Requests\Utility\CaseInsensitiveDictionary Object
                        (
                            [data:protected] => Array
                                (
                                    [x-powered-by] => PHP/8.1.18
                                    [expires] => Wed, 11 Jan 1984 05:00:00 GMT
                                    [cache-control] => no-cache, no-store, must-revalidate, max-age=0
                                    [x-redirect-by] => WordPress
                                    [location] => https://pizzeriahorebs.com/wp-login.php?redirect_to=https%3A%2F%2Fpizzeriahorebs.com%2Fwp-admin%2Foptions-general.php%3Fpage%3Dwebhooks&reauth=1
                                    [content-type] => text/html; charset=UTF-8
                                    [content-length] => 0
                                    [date] => Sun, 27 Aug 2023 03:14:57 GMT
                                    [server] => LiteSpeed
                                    [platform] => hostinger
                                    [content-security-policy] => upgrade-insecure-requests
                                    [alt-svc] => h3=":443"; ma=2592000, h3-29=":443"; ma=2592000, h3-Q050=":443"; ma=2592000, h3-Q046=":443"; ma=2592000, h3-Q043=":443"; ma=2592000, quic=":443"; ma=2592000; v="43,46"
                                )

                        )

                    [Body] => Webhook body is not logged unless WP_DEBUG mode is turned on. This is to avoid the storing of personal data in the logs.
                )

        )

)

2023-08-27T22:20:56+00:00 INFO Array
(
    [Webhook Delivery] => Array
        (
            [Delivery ID] => 8d3fe1e8eed1d96ffba83674881806bf
            [Date] => 27 Ago, 2023 @ 22:20
            [URL] => https://pizzeriahorebs.com/wp-admin/options-general.php?page=webhooks
            [Duration] => 0.23228
            [Request] => Array
                (
                    [Method] => POST
                    [Headers] => Array
                        (
                            [User-Agent] => WooCommerce/7.9.0 Hookshot (WordPress/6.2.2)
                            [Content-Type] => application/json
                            [X-WC-Webhook-Source] => https://pizzeriahorebs.com/
                            [X-WC-Webhook-Topic] => action.woocommerce_payment_complete
                            [X-WC-Webhook-Resource] => action
                            [X-WC-Webhook-Event] => woocommerce_payment_complete
                            [X-WC-Webhook-Signature] => eTiHOz/g+WEsO2cOw29zoBLvmwY2hZc7kvySDGOo9T0=
                            [X-WC-Webhook-ID] => 1
                            [X-WC-Webhook-Delivery-ID] => 8d3fe1e8eed1d96ffba83674881806bf
                        )

                )

            [Body] => Webhook body is not logged unless WP_DEBUG mode is turned on. This is to avoid the storing of personal data in the logs.
            [Response] => Array
                (
                    [Code] => 302
                    [Message] => Found
                    [Headers] => WpOrg\Requests\Utility\CaseInsensitiveDictionary Object
                        (
                            [data:protected] => Array
                                (
                                    [x-powered-by] => PHP/8.1.18
                                    [expires] => Wed, 11 Jan 1984 05:00:00 GMT
                                    [cache-control] => no-cache, no-store, must-revalidate, max-age=0
                                    [x-redirect-by] => WordPress
                                    [location] => https://pizzeriahorebs.com/wp-login.php?redirect_to=https%3A%2F%2Fpizzeriahorebs.com%2Fwp-admin%2Foptions-general.php%3Fpage%3Dwebhooks&reauth=1
                                    [content-type] => text/html; charset=UTF-8
                                    [content-length] => 0
                                    [date] => Sun, 27 Aug 2023 22:20:56 GMT
                                    [server] => LiteSpeed
                                    [platform] => hostinger
                                    [content-security-policy] => upgrade-insecure-requests
                                    [alt-svc] => h3=":443"; ma=2592000, h3-29=":443"; ma=2592000, h3-Q050=":443"; ma=2592000, h3-Q046=":443"; ma=2592000, h3-Q043=":443"; ma=2592000, quic=":443"; ma=2592000; v="43,46"
                                )

                        )

                    [Body] => Webhook body is not logged unless WP_DEBUG mode is turned on. This is to avoid the storing of personal data in the logs.
                )

        )

)

2023-08-27T22:50:22+00:00 INFO Array
(
    [Webhook Delivery] => Array
        (
            [Delivery ID] => 5b35814f2bb296efc5bc8225487a017a
            [Date] => 27 Ago, 2023 @ 22:50
            [URL] => https://pizzeriahorebs.com/wp-admin/options-general.php?page=webhooks
            [Duration] => 0.23646
            [Request] => Array
                (
                    [Method] => POST
                    [Headers] => Array
                        (
                            [User-Agent] => WooCommerce/7.9.0 Hookshot (WordPress/6.2.2)
                            [Content-Type] => application/json
                            [X-WC-Webhook-Source] => https://pizzeriahorebs.com/
                            [X-WC-Webhook-Topic] => action.woocommerce_payment_complete
                            [X-WC-Webhook-Resource] => action
                            [X-WC-Webhook-Event] => woocommerce_payment_complete
                            [X-WC-Webhook-Signature] => jprBy3WXUxzOq364D7ilkMG4HVNJnNc+N9Hs/z3iNtk=
                            [X-WC-Webhook-ID] => 1
                            [X-WC-Webhook-Delivery-ID] => 5b35814f2bb296efc5bc8225487a017a
                        )

                )

            [Body] => Webhook body is not logged unless WP_DEBUG mode is turned on. This is to avoid the storing of personal data in the logs.
            [Response] => Array
                (
                    [Code] => 302
                    [Message] => Found
                    [Headers] => WpOrg\Requests\Utility\CaseInsensitiveDictionary Object
                        (
                            [data:protected] => Array
                                (
                                    [x-powered-by] => PHP/8.1.18
                                    [expires] => Wed, 11 Jan 1984 05:00:00 GMT
                                    [cache-control] => no-cache, no-store, must-revalidate, max-age=0
                                    [x-redirect-by] => WordPress
                                    [location] => https://pizzeriahorebs.com/wp-login.php?redirect_to=https%3A%2F%2Fpizzeriahorebs.com%2Fwp-admin%2Foptions-general.php%3Fpage%3Dwebhooks&reauth=1
                                    [content-type] => text/html; charset=UTF-8
                                    [content-length] => 0
                                    [date] => Sun, 27 Aug 2023 22:50:22 GMT
                                    [server] => LiteSpeed
                                    [platform] => hostinger
                                    [content-security-policy] => upgrade-insecure-requests
                                    [alt-svc] => h3=":443"; ma=2592000, h3-29=":443"; ma=2592000, h3-Q050=":443"; ma=2592000, h3-Q046=":443"; ma=2592000, h3-Q043=":443"; ma=2592000, quic=":443"; ma=2592000; v="43,46"
                                )

                        )

                    [Body] => Webhook body is not logged unless WP_DEBUG mode is turned on. This is to avoid the storing of personal data in the logs.
                )

        )

)

2023-08-27T23:13:26+00:00 INFO Array
(
    [Webhook Delivery] => Array
        (
            [Delivery ID] => 9132f0c9988835843367c3ea3e1c2c96
            [Date] => 27 Ago, 2023 @ 23:13
            [URL] => https://pizzeriahorebs.com/wp-admin/options-general.php?page=webhooks
            [Duration] => 0.36436
            [Request] => Array
                (
                    [Method] => POST
                    [Headers] => Array
                        (
                            [User-Agent] => WooCommerce/7.9.0 Hookshot (WordPress/6.2.2)
                            [Content-Type] => application/json
                            [X-WC-Webhook-Source] => https://pizzeriahorebs.com/
                            [X-WC-Webhook-Topic] => action.woocommerce_payment_complete
                            [X-WC-Webhook-Resource] => action
                            [X-WC-Webhook-Event] => woocommerce_payment_complete
                            [X-WC-Webhook-Signature] => lSvc3IrQE/KUTw6qIObiKSNyewRBLNgdwTGqV8HdI9Q=
                            [X-WC-Webhook-ID] => 1
                            [X-WC-Webhook-Delivery-ID] => 9132f0c9988835843367c3ea3e1c2c96
                        )

                )

            [Body] => Webhook body is not logged unless WP_DEBUG mode is turned on. This is to avoid the storing of personal data in the logs.
            [Response] => Array
                (
                    [Code] => 302
                    [Message] => Found
                    [Headers] => WpOrg\Requests\Utility\CaseInsensitiveDictionary Object
                        (
                            [data:protected] => Array
                                (
                                    [x-powered-by] => PHP/8.1.18
                                    [expires] => Wed, 11 Jan 1984 05:00:00 GMT
                                    [cache-control] => no-cache, no-store, must-revalidate, max-age=0
                                    [x-redirect-by] => WordPress
                                    [location] => https://pizzeriahorebs.com/wp-login.php?redirect_to=https%3A%2F%2Fpizzeriahorebs.com%2Fwp-admin%2Foptions-general.php%3Fpage%3Dwebhooks&reauth=1
                                    [content-type] => text/html; charset=UTF-8
                                    [content-length] => 0
                                    [date] => Sun, 27 Aug 2023 23:13:26 GMT
                                    [server] => LiteSpeed
                                    [platform] => hostinger
                                    [content-security-policy] => upgrade-insecure-requests
                                    [alt-svc] => h3=":443"; ma=2592000, h3-29=":443"; ma=2592000, h3-Q050=":443"; ma=2592000, h3-Q046=":443"; ma=2592000, h3-Q043=":443"; ma=2592000, quic=":443"; ma=2592000; v="43,46"
                                )

                        )

                    [Body] => Webhook body is not logged unless WP_DEBUG mode is turned on. This is to avoid the storing of personal data in the logs.
                )

        )

)

2023-08-27T23:29:35+00:00 INFO Array
(
    [Webhook Delivery] => Array
        (
            [Delivery ID] => b6324369d422857f4578a6d7a62d131a
            [Date] => 27 Ago, 2023 @ 23:29
            [URL] => https://pizzeriahorebs.com/wp-admin/options-general.php?page=webhooks
            [Duration] => 0.26696
            [Request] => Array
                (
                    [Method] => POST
                    [Headers] => Array
                        (
                            [User-Agent] => WooCommerce/7.9.0 Hookshot (WordPress/6.2.2)
                            [Content-Type] => application/json
                            [X-WC-Webhook-Source] => https://pizzeriahorebs.com/
                            [X-WC-Webhook-Topic] => action.woocommerce_payment_complete
                            [X-WC-Webhook-Resource] => action
                            [X-WC-Webhook-Event] => woocommerce_payment_complete
                            [X-WC-Webhook-Signature] => 7d//9Dm4fm9TB39KFGIIFORy38fcyUoxn35OXVkGTmM=
                            [X-WC-Webhook-ID] => 1
                            [X-WC-Webhook-Delivery-ID] => b6324369d422857f4578a6d7a62d131a
                        )

                )

            [Body] => Webhook body is not logged unless WP_DEBUG mode is turned on. This is to avoid the storing of personal data in the logs.
            [Response] => Array
                (
                    [Code] => 302
                    [Message] => Found
                    [Headers] => WpOrg\Requests\Utility\CaseInsensitiveDictionary Object
                        (
                            [data:protected] => Array
                                (
                                    [x-powered-by] => PHP/8.1.18
                                    [expires] => Wed, 11 Jan 1984 05:00:00 GMT
                                    [cache-control] => no-cache, no-store, must-revalidate, max-age=0
                                    [x-redirect-by] => WordPress
                                    [location] => https://pizzeriahorebs.com/wp-login.php?redirect_to=https%3A%2F%2Fpizzeriahorebs.com%2Fwp-admin%2Foptions-general.php%3Fpage%3Dwebhooks&reauth=1
                                    [content-type] => text/html; charset=UTF-8
                                    [content-length] => 0
                                    [date] => Sun, 27 Aug 2023 23:29:35 GMT
                                    [server] => LiteSpeed
                                    [platform] => hostinger
                                    [content-security-policy] => upgrade-insecure-requests
                                    [alt-svc] => h3=":443"; ma=2592000, h3-29=":443"; ma=2592000, h3-Q050=":443"; ma=2592000, h3-Q046=":443"; ma=2592000, h3-Q043=":443"; ma=2592000, quic=":443"; ma=2592000; v="43,46"
                                )

                        )

                    [Body] => Webhook body is not logged unless WP_DEBUG mode is turned on. This is to avoid the storing of personal data in the logs.
                )

        )

)

2023-08-27T23:41:25+00:00 INFO Array
(
    [Webhook Delivery] => Array
        (
            [Delivery ID] => 86486eb51cdd13dea40f72681b30eb3e
            [Date] => 27 Ago, 2023 @ 23:41
            [URL] => https://pizzeriahorebs.com/wp-admin/options-general.php?page=webhooks
            [Duration] => 0.2227
            [Request] => Array
                (
                    [Method] => POST
                    [Headers] => Array
                        (
                            [User-Agent] => WooCommerce/7.9.0 Hookshot (WordPress/6.2.2)
                            [Content-Type] => application/json
                            [X-WC-Webhook-Source] => https://pizzeriahorebs.com/
                            [X-WC-Webhook-Topic] => action.woocommerce_payment_complete
                            [X-WC-Webhook-Resource] => action
                            [X-WC-Webhook-Event] => woocommerce_payment_complete
                            [X-WC-Webhook-Signature] => DbXlobQKL/fDG1aadTsOT5VLe6Z4tQRVXz6knNt9NWc=
                            [X-WC-Webhook-ID] => 1
                            [X-WC-Webhook-Delivery-ID] => 86486eb51cdd13dea40f72681b30eb3e
                        )

                )

            [Body] => Webhook body is not logged unless WP_DEBUG mode is turned on. This is to avoid the storing of personal data in the logs.
            [Response] => Array
                (
                    [Code] => 302
                    [Message] => Found
                    [Headers] => WpOrg\Requests\Utility\CaseInsensitiveDictionary Object
                        (
                            [data:protected] => Array
                                (
                                    [x-powered-by] => PHP/8.1.18
                                    [expires] => Wed, 11 Jan 1984 05:00:00 GMT
                                    [cache-control] => no-cache, no-store, must-revalidate, max-age=0
                                    [x-redirect-by] => WordPress
                                    [location] => https://pizzeriahorebs.com/wp-login.php?redirect_to=https%3A%2F%2Fpizzeriahorebs.com%2Fwp-admin%2Foptions-general.php%3Fpage%3Dwebhooks&reauth=1
                                    [content-type] => text/html; charset=UTF-8
                                    [content-length] => 0
                                    [date] => Sun, 27 Aug 2023 23:41:25 GMT
                                    [server] => LiteSpeed
                                    [platform] => hostinger
                                    [content-security-policy] => upgrade-insecure-requests
                                    [alt-svc] => h3=":443"; ma=2592000, h3-29=":443"; ma=2592000, h3-Q050=":443"; ma=2592000, h3-Q046=":443"; ma=2592000, h3-Q043=":443"; ma=2592000, quic=":443"; ma=2592000; v="43,46"
                                )

                        )

                    [Body] => Webhook body is not logged unless WP_DEBUG mode is turned on. This is to avoid the storing of personal data in the logs.
                )

        )

)

2023-08-27T23:54:28+00:00 INFO Array
(
    [Webhook Delivery] => Array
        (
            [Delivery ID] => 07643841b63bffcde719c09d3b81bf80
            [Date] => 27 Ago, 2023 @ 23:54
            [URL] => https://pizzeriahorebs.com/wp-admin/options-general.php?page=webhooks
            [Duration] => 0.31813
            [Request] => Array
                (
                    [Method] => POST
                    [Headers] => Array
                        (
                            [User-Agent] => WooCommerce/7.9.0 Hookshot (WordPress/6.2.2)
                            [Content-Type] => application/json
                            [X-WC-Webhook-Source] => https://pizzeriahorebs.com/
                            [X-WC-Webhook-Topic] => action.woocommerce_payment_complete
                            [X-WC-Webhook-Resource] => action
                            [X-WC-Webhook-Event] => woocommerce_payment_complete
                            [X-WC-Webhook-Signature] => Kur4BJ4+H1yF2uqm4O5ToY1tg9yanImRs7p92wl3DPQ=
                            [X-WC-Webhook-ID] => 1
                            [X-WC-Webhook-Delivery-ID] => 07643841b63bffcde719c09d3b81bf80
                        )

                )

            [Body] => Webhook body is not logged unless WP_DEBUG mode is turned on. This is to avoid the storing of personal data in the logs.
            [Response] => Array
                (
                    [Code] => 302
                    [Message] => Found
                    [Headers] => WpOrg\Requests\Utility\CaseInsensitiveDictionary Object
                        (
                            [data:protected] => Array
                                (
                                    [x-powered-by] => PHP/8.1.18
                                    [expires] => Wed, 11 Jan 1984 05:00:00 GMT
                                    [cache-control] => no-cache, no-store, must-revalidate, max-age=0
                                    [x-redirect-by] => WordPress
                                    [location] => https://pizzeriahorebs.com/wp-login.php?redirect_to=https%3A%2F%2Fpizzeriahorebs.com%2Fwp-admin%2Foptions-general.php%3Fpage%3Dwebhooks&reauth=1
                                    [content-type] => text/html; charset=UTF-8
                                    [content-length] => 0
                                    [date] => Sun, 27 Aug 2023 23:54:28 GMT
                                    [server] => LiteSpeed
                                    [platform] => hostinger
                                    [content-security-policy] => upgrade-insecure-requests
                                    [alt-svc] => h3=":443"; ma=2592000, h3-29=":443"; ma=2592000, h3-Q050=":443"; ma=2592000, h3-Q046=":443"; ma=2592000, h3-Q043=":443"; ma=2592000, quic=":443"; ma=2592000; v="43,46"
                                )

                        )

                    [Body] => Webhook body is not logged unless WP_DEBUG mode is turned on. This is to avoid the storing of personal data in the logs.
                )

        )

)

2023-08-27T23:59:26+00:00 INFO Array
(
    [Webhook Delivery] => Array
        (
            [Delivery ID] => d1496575c3be6deb1e027e3eeb2a2b7c
            [Date] => 27 Ago, 2023 @ 23:59
            [URL] => https://pizzeriahorebs.com/wp-admin/options-general.php?page=webhooks
            [Duration] => 0.22153
            [Request] => Array
                (
                    [Method] => POST
                    [Headers] => Array
                        (
                            [User-Agent] => WooCommerce/7.9.0 Hookshot (WordPress/6.2.2)
                            [Content-Type] => application/json
                            [X-WC-Webhook-Source] => https://pizzeriahorebs.com/
                            [X-WC-Webhook-Topic] => action.woocommerce_payment_complete
                            [X-WC-Webhook-Resource] => action
                            [X-WC-Webhook-Event] => woocommerce_payment_complete
                            [X-WC-Webhook-Signature] => Nl21I4X8P1sOXej+M3k95sk9yf+K5GgOk+0cKG4sFfE=
                            [X-WC-Webhook-ID] => 1
                            [X-WC-Webhook-Delivery-ID] => d1496575c3be6deb1e027e3eeb2a2b7c
                        )

                )

            [Body] => Webhook body is not logged unless WP_DEBUG mode is turned on. This is to avoid the storing of personal data in the logs.
            [Response] => Array
                (
                    [Code] => 302
                    [Message] => Found
                    [Headers] => WpOrg\Requests\Utility\CaseInsensitiveDictionary Object
                        (
                            [data:protected] => Array
                                (
                                    [x-powered-by] => PHP/8.1.18
                                    [expires] => Wed, 11 Jan 1984 05:00:00 GMT
                                    [cache-control] => no-cache, no-store, must-revalidate, max-age=0
                                    [x-redirect-by] => WordPress
                                    [location] => https://pizzeriahorebs.com/wp-login.php?redirect_to=https%3A%2F%2Fpizzeriahorebs.com%2Fwp-admin%2Foptions-general.php%3Fpage%3Dwebhooks&reauth=1
                                    [content-type] => text/html; charset=UTF-8
                                    [content-length] => 0
                                    [date] => Sun, 27 Aug 2023 23:59:26 GMT
                                    [server] => LiteSpeed
                                    [platform] => hostinger
                                    [content-security-policy] => upgrade-insecure-requests
                                    [alt-svc] => h3=":443"; ma=2592000, h3-29=":443"; ma=2592000, h3-Q050=":443"; ma=2592000, h3-Q046=":443"; ma=2592000, h3-Q043=":443"; ma=2592000, quic=":443"; ma=2592000; v="43,46"
                                )

                        )

                    [Body] => Webhook body is not logged unless WP_DEBUG mode is turned on. This is to avoid the storing of personal data in the logs.
                )

        )

)

