2023-08-26T03:33:48+00:00 INFO Array
(
    [Webhook Delivery] => Array
        (
            [Delivery ID] => b64357f1df20d838672955ffff426dcc
            [Date] => 26 Ago, 2023 @ 3:33
            [URL] => https://pizzeriahorebs.com/wp-admin/options-general.php?page=webhooks
            [Duration] => 0.27872
            [Request] => Array
                (
                    [Method] => POST
                    [Headers] => Array
                        (
                            [User-Agent] => WooCommerce/7.9.0 Hookshot (WordPress/6.2.2)
                            [Content-Type] => application/json
                            [X-WC-Webhook-Source] => https://pizzeriahorebs.com/
                            [X-WC-Webhook-Topic] => action.woocommerce_payment_complete
                            [X-WC-Webhook-Resource] => action
                            [X-WC-Webhook-Event] => woocommerce_payment_complete
                            [X-WC-Webhook-Signature] => nqSbOxFFWMXJ55+tJAdNM+ZvIDg4YqnJhlgdMdE7NW4=
                            [X-WC-Webhook-ID] => 1
                            [X-WC-Webhook-Delivery-ID] => b64357f1df20d838672955ffff426dcc
                        )

                )

            [Body] => Webhook body is not logged unless WP_DEBUG mode is turned on. This is to avoid the storing of personal data in the logs.
            [Response] => Array
                (
                    [Code] => 302
                    [Message] => Found
                    [Headers] => WpOrg\Requests\Utility\CaseInsensitiveDictionary Object
                        (
                            [data:protected] => Array
                                (
                                    [x-powered-by] => PHP/8.1.18
                                    [expires] => Wed, 11 Jan 1984 05:00:00 GMT
                                    [cache-control] => no-cache, no-store, must-revalidate, max-age=0
                                    [x-redirect-by] => WordPress
                                    [location] => https://pizzeriahorebs.com/wp-login.php?redirect_to=https%3A%2F%2Fpizzeriahorebs.com%2Fwp-admin%2Foptions-general.php%3Fpage%3Dwebhooks&reauth=1
                                    [content-type] => text/html; charset=UTF-8
                                    [content-length] => 0
                                    [date] => Sat, 26 Aug 2023 03:33:48 GMT
                                    [server] => LiteSpeed
                                    [platform] => hostinger
                                    [content-security-policy] => upgrade-insecure-requests
                                    [alt-svc] => h3=":443"; ma=2592000, h3-29=":443"; ma=2592000, h3-Q050=":443"; ma=2592000, h3-Q046=":443"; ma=2592000, h3-Q043=":443"; ma=2592000, quic=":443"; ma=2592000; v="43,46"
                                )

                        )

                    [Body] => Webhook body is not logged unless WP_DEBUG mode is turned on. This is to avoid the storing of personal data in the logs.
                )

        )

)

2023-08-26T22:36:17+00:00 INFO Array
(
    [Webhook Delivery] => Array
        (
            [Delivery ID] => d389a54afcd6e4dc830b7a0cf87574b8
            [Date] => 26 Ago, 2023 @ 22:36
            [URL] => https://pizzeriahorebs.com/wp-admin/options-general.php?page=webhooks
            [Duration] => 0.31198
            [Request] => Array
                (
                    [Method] => POST
                    [Headers] => Array
                        (
                            [User-Agent] => WooCommerce/7.9.0 Hookshot (WordPress/6.2.2)
                            [Content-Type] => application/json
                            [X-WC-Webhook-Source] => https://pizzeriahorebs.com/
                            [X-WC-Webhook-Topic] => action.woocommerce_payment_complete
                            [X-WC-Webhook-Resource] => action
                            [X-WC-Webhook-Event] => woocommerce_payment_complete
                            [X-WC-Webhook-Signature] => I4yCP1VtzdkAXd4zjw1X0xUSOebdMoyd6wq3be67RBQ=
                            [X-WC-Webhook-ID] => 1
                            [X-WC-Webhook-Delivery-ID] => d389a54afcd6e4dc830b7a0cf87574b8
                        )

                )

            [Body] => Webhook body is not logged unless WP_DEBUG mode is turned on. This is to avoid the storing of personal data in the logs.
            [Response] => Array
                (
                    [Code] => 302
                    [Message] => Found
                    [Headers] => WpOrg\Requests\Utility\CaseInsensitiveDictionary Object
                        (
                            [data:protected] => Array
                                (
                                    [x-powered-by] => PHP/8.1.18
                                    [expires] => Wed, 11 Jan 1984 05:00:00 GMT
                                    [cache-control] => no-cache, no-store, must-revalidate, max-age=0
                                    [x-redirect-by] => WordPress
                                    [location] => https://pizzeriahorebs.com/wp-login.php?redirect_to=https%3A%2F%2Fpizzeriahorebs.com%2Fwp-admin%2Foptions-general.php%3Fpage%3Dwebhooks&reauth=1
                                    [content-type] => text/html; charset=UTF-8
                                    [content-length] => 0
                                    [date] => Sat, 26 Aug 2023 22:36:17 GMT
                                    [server] => LiteSpeed
                                    [platform] => hostinger
                                    [content-security-policy] => upgrade-insecure-requests
                                    [alt-svc] => h3=":443"; ma=2592000, h3-29=":443"; ma=2592000, h3-Q050=":443"; ma=2592000, h3-Q046=":443"; ma=2592000, h3-Q043=":443"; ma=2592000, quic=":443"; ma=2592000; v="43,46"
                                )

                        )

                    [Body] => Webhook body is not logged unless WP_DEBUG mode is turned on. This is to avoid the storing of personal data in the logs.
                )

        )

)

2023-08-26T22:44:16+00:00 INFO Array
(
    [Webhook Delivery] => Array
        (
            [Delivery ID] => dadb8ef3113f1f497dd81a1b3af2bf5b
            [Date] => 26 Ago, 2023 @ 22:44
            [URL] => https://pizzeriahorebs.com/wp-admin/options-general.php?page=webhooks
            [Duration] => 0.23664
            [Request] => Array
                (
                    [Method] => POST
                    [Headers] => Array
                        (
                            [User-Agent] => WooCommerce/7.9.0 Hookshot (WordPress/6.2.2)
                            [Content-Type] => application/json
                            [X-WC-Webhook-Source] => https://pizzeriahorebs.com/
                            [X-WC-Webhook-Topic] => action.woocommerce_payment_complete
                            [X-WC-Webhook-Resource] => action
                            [X-WC-Webhook-Event] => woocommerce_payment_complete
                            [X-WC-Webhook-Signature] => 9ifo9j/1SThk2v1No2OC34mJbWIrrmFqxVCKNJ/6pT4=
                            [X-WC-Webhook-ID] => 1
                            [X-WC-Webhook-Delivery-ID] => dadb8ef3113f1f497dd81a1b3af2bf5b
                        )

                )

            [Body] => Webhook body is not logged unless WP_DEBUG mode is turned on. This is to avoid the storing of personal data in the logs.
            [Response] => Array
                (
                    [Code] => 302
                    [Message] => Found
                    [Headers] => WpOrg\Requests\Utility\CaseInsensitiveDictionary Object
                        (
                            [data:protected] => Array
                                (
                                    [x-powered-by] => PHP/8.1.18
                                    [expires] => Wed, 11 Jan 1984 05:00:00 GMT
                                    [cache-control] => no-cache, no-store, must-revalidate, max-age=0
                                    [x-redirect-by] => WordPress
                                    [location] => https://pizzeriahorebs.com/wp-login.php?redirect_to=https%3A%2F%2Fpizzeriahorebs.com%2Fwp-admin%2Foptions-general.php%3Fpage%3Dwebhooks&reauth=1
                                    [content-type] => text/html; charset=UTF-8
                                    [content-length] => 0
                                    [date] => Sat, 26 Aug 2023 22:44:16 GMT
                                    [server] => LiteSpeed
                                    [platform] => hostinger
                                    [content-security-policy] => upgrade-insecure-requests
                                    [alt-svc] => h3=":443"; ma=2592000, h3-29=":443"; ma=2592000, h3-Q050=":443"; ma=2592000, h3-Q046=":443"; ma=2592000, h3-Q043=":443"; ma=2592000, quic=":443"; ma=2592000; v="43,46"
                                )

                        )

                    [Body] => Webhook body is not logged unless WP_DEBUG mode is turned on. This is to avoid the storing of personal data in the logs.
                )

        )

)

2023-08-26T22:49:40+00:00 INFO Array
(
    [Webhook Delivery] => Array
        (
            [Delivery ID] => 826fd4f306757296c895be74012e3f9e
            [Date] => 26 Ago, 2023 @ 22:49
            [URL] => https://pizzeriahorebs.com/wp-admin/options-general.php?page=webhooks
            [Duration] => 0.31513
            [Request] => Array
                (
                    [Method] => POST
                    [Headers] => Array
                        (
                            [User-Agent] => WooCommerce/7.9.0 Hookshot (WordPress/6.2.2)
                            [Content-Type] => application/json
                            [X-WC-Webhook-Source] => https://pizzeriahorebs.com/
                            [X-WC-Webhook-Topic] => action.woocommerce_payment_complete
                            [X-WC-Webhook-Resource] => action
                            [X-WC-Webhook-Event] => woocommerce_payment_complete
                            [X-WC-Webhook-Signature] => JRC5eqZo6ENghMfkAWpf8pILtUNGkBgBPNONyMTzO50=
                            [X-WC-Webhook-ID] => 1
                            [X-WC-Webhook-Delivery-ID] => 826fd4f306757296c895be74012e3f9e
                        )

                )

            [Body] => Webhook body is not logged unless WP_DEBUG mode is turned on. This is to avoid the storing of personal data in the logs.
            [Response] => Array
                (
                    [Code] => 302
                    [Message] => Found
                    [Headers] => WpOrg\Requests\Utility\CaseInsensitiveDictionary Object
                        (
                            [data:protected] => Array
                                (
                                    [x-powered-by] => PHP/8.1.18
                                    [expires] => Wed, 11 Jan 1984 05:00:00 GMT
                                    [cache-control] => no-cache, no-store, must-revalidate, max-age=0
                                    [x-redirect-by] => WordPress
                                    [location] => https://pizzeriahorebs.com/wp-login.php?redirect_to=https%3A%2F%2Fpizzeriahorebs.com%2Fwp-admin%2Foptions-general.php%3Fpage%3Dwebhooks&reauth=1
                                    [content-type] => text/html; charset=UTF-8
                                    [content-length] => 0
                                    [date] => Sat, 26 Aug 2023 22:49:40 GMT
                                    [server] => LiteSpeed
                                    [platform] => hostinger
                                    [content-security-policy] => upgrade-insecure-requests
                                    [alt-svc] => h3=":443"; ma=2592000, h3-29=":443"; ma=2592000, h3-Q050=":443"; ma=2592000, h3-Q046=":443"; ma=2592000, h3-Q043=":443"; ma=2592000, quic=":443"; ma=2592000; v="43,46"
                                )

                        )

                    [Body] => Webhook body is not logged unless WP_DEBUG mode is turned on. This is to avoid the storing of personal data in the logs.
                )

        )

)

2023-08-26T23:23:45+00:00 INFO Array
(
    [Webhook Delivery] => Array
        (
            [Delivery ID] => ce5a8f7ca9fea8128b47ce3b34e7d6cd
            [Date] => 26 Ago, 2023 @ 23:23
            [URL] => https://pizzeriahorebs.com/wp-admin/options-general.php?page=webhooks
            [Duration] => 0.22932
            [Request] => Array
                (
                    [Method] => POST
                    [Headers] => Array
                        (
                            [User-Agent] => WooCommerce/7.9.0 Hookshot (WordPress/6.2.2)
                            [Content-Type] => application/json
                            [X-WC-Webhook-Source] => https://pizzeriahorebs.com/
                            [X-WC-Webhook-Topic] => action.woocommerce_payment_complete
                            [X-WC-Webhook-Resource] => action
                            [X-WC-Webhook-Event] => woocommerce_payment_complete
                            [X-WC-Webhook-Signature] => yia/VC2qmqI7vkSthI8tU9UGpPwQiarcc67MlyPaVMQ=
                            [X-WC-Webhook-ID] => 1
                            [X-WC-Webhook-Delivery-ID] => ce5a8f7ca9fea8128b47ce3b34e7d6cd
                        )

                )

            [Body] => Webhook body is not logged unless WP_DEBUG mode is turned on. This is to avoid the storing of personal data in the logs.
            [Response] => Array
                (
                    [Code] => 302
                    [Message] => Found
                    [Headers] => WpOrg\Requests\Utility\CaseInsensitiveDictionary Object
                        (
                            [data:protected] => Array
                                (
                                    [x-powered-by] => PHP/8.1.18
                                    [expires] => Wed, 11 Jan 1984 05:00:00 GMT
                                    [cache-control] => no-cache, no-store, must-revalidate, max-age=0
                                    [x-redirect-by] => WordPress
                                    [location] => https://pizzeriahorebs.com/wp-login.php?redirect_to=https%3A%2F%2Fpizzeriahorebs.com%2Fwp-admin%2Foptions-general.php%3Fpage%3Dwebhooks&reauth=1
                                    [content-type] => text/html; charset=UTF-8
                                    [content-length] => 0
                                    [date] => Sat, 26 Aug 2023 23:23:45 GMT
                                    [server] => LiteSpeed
                                    [platform] => hostinger
                                    [content-security-policy] => upgrade-insecure-requests
                                    [alt-svc] => h3=":443"; ma=2592000, h3-29=":443"; ma=2592000, h3-Q050=":443"; ma=2592000, h3-Q046=":443"; ma=2592000, h3-Q043=":443"; ma=2592000, quic=":443"; ma=2592000; v="43,46"
                                )

                        )

                    [Body] => Webhook body is not logged unless WP_DEBUG mode is turned on. This is to avoid the storing of personal data in the logs.
                )

        )

)

2023-08-26T23:29:45+00:00 INFO Array
(
    [Webhook Delivery] => Array
        (
            [Delivery ID] => 481217a6a4495dcff0ae9b3d536f65c1
            [Date] => 26 Ago, 2023 @ 23:29
            [URL] => https://pizzeriahorebs.com/wp-admin/options-general.php?page=webhooks
            [Duration] => 0.23456
            [Request] => Array
                (
                    [Method] => POST
                    [Headers] => Array
                        (
                            [User-Agent] => WooCommerce/7.9.0 Hookshot (WordPress/6.2.2)
                            [Content-Type] => application/json
                            [X-WC-Webhook-Source] => https://pizzeriahorebs.com/
                            [X-WC-Webhook-Topic] => action.woocommerce_payment_complete
                            [X-WC-Webhook-Resource] => action
                            [X-WC-Webhook-Event] => woocommerce_payment_complete
                            [X-WC-Webhook-Signature] => AMXB7er9vq26tFJRne9E8bJ8MpLgYc9vKUMA9h/62rs=
                            [X-WC-Webhook-ID] => 1
                            [X-WC-Webhook-Delivery-ID] => 481217a6a4495dcff0ae9b3d536f65c1
                        )

                )

            [Body] => Webhook body is not logged unless WP_DEBUG mode is turned on. This is to avoid the storing of personal data in the logs.
            [Response] => Array
                (
                    [Code] => 302
                    [Message] => Found
                    [Headers] => WpOrg\Requests\Utility\CaseInsensitiveDictionary Object
                        (
                            [data:protected] => Array
                                (
                                    [x-powered-by] => PHP/8.1.18
                                    [expires] => Wed, 11 Jan 1984 05:00:00 GMT
                                    [cache-control] => no-cache, no-store, must-revalidate, max-age=0
                                    [x-redirect-by] => WordPress
                                    [location] => https://pizzeriahorebs.com/wp-login.php?redirect_to=https%3A%2F%2Fpizzeriahorebs.com%2Fwp-admin%2Foptions-general.php%3Fpage%3Dwebhooks&reauth=1
                                    [content-type] => text/html; charset=UTF-8
                                    [content-length] => 0
                                    [date] => Sat, 26 Aug 2023 23:29:45 GMT
                                    [server] => LiteSpeed
                                    [platform] => hostinger
                                    [content-security-policy] => upgrade-insecure-requests
                                    [alt-svc] => h3=":443"; ma=2592000, h3-29=":443"; ma=2592000, h3-Q050=":443"; ma=2592000, h3-Q046=":443"; ma=2592000, h3-Q043=":443"; ma=2592000, quic=":443"; ma=2592000; v="43,46"
                                )

                        )

                    [Body] => Webhook body is not logged unless WP_DEBUG mode is turned on. This is to avoid the storing of personal data in the logs.
                )

        )

)

2023-08-26T23:34:16+00:00 INFO Array
(
    [Webhook Delivery] => Array
        (
            [Delivery ID] => 5258bf8e3eabb2932495ab02ed8c0e30
            [Date] => 26 Ago, 2023 @ 23:34
            [URL] => https://pizzeriahorebs.com/wp-admin/options-general.php?page=webhooks
            [Duration] => 0.25187
            [Request] => Array
                (
                    [Method] => POST
                    [Headers] => Array
                        (
                            [User-Agent] => WooCommerce/7.9.0 Hookshot (WordPress/6.2.2)
                            [Content-Type] => application/json
                            [X-WC-Webhook-Source] => https://pizzeriahorebs.com/
                            [X-WC-Webhook-Topic] => action.woocommerce_payment_complete
                            [X-WC-Webhook-Resource] => action
                            [X-WC-Webhook-Event] => woocommerce_payment_complete
                            [X-WC-Webhook-Signature] => p+CQ+QrIFI85SUT5Q8t0c60lMmEbHK1KDAKgclQnvKQ=
                            [X-WC-Webhook-ID] => 1
                            [X-WC-Webhook-Delivery-ID] => 5258bf8e3eabb2932495ab02ed8c0e30
                        )

                )

            [Body] => Webhook body is not logged unless WP_DEBUG mode is turned on. This is to avoid the storing of personal data in the logs.
            [Response] => Array
                (
                    [Code] => 302
                    [Message] => Found
                    [Headers] => WpOrg\Requests\Utility\CaseInsensitiveDictionary Object
                        (
                            [data:protected] => Array
                                (
                                    [x-powered-by] => PHP/8.1.18
                                    [expires] => Wed, 11 Jan 1984 05:00:00 GMT
                                    [cache-control] => no-cache, no-store, must-revalidate, max-age=0
                                    [x-redirect-by] => WordPress
                                    [location] => https://pizzeriahorebs.com/wp-login.php?redirect_to=https%3A%2F%2Fpizzeriahorebs.com%2Fwp-admin%2Foptions-general.php%3Fpage%3Dwebhooks&reauth=1
                                    [content-type] => text/html; charset=UTF-8
                                    [content-length] => 0
                                    [date] => Sat, 26 Aug 2023 23:34:16 GMT
                                    [server] => LiteSpeed
                                    [platform] => hostinger
                                    [content-security-policy] => upgrade-insecure-requests
                                    [alt-svc] => h3=":443"; ma=2592000, h3-29=":443"; ma=2592000, h3-Q050=":443"; ma=2592000, h3-Q046=":443"; ma=2592000, h3-Q043=":443"; ma=2592000, quic=":443"; ma=2592000; v="43,46"
                                )

                        )

                    [Body] => Webhook body is not logged unless WP_DEBUG mode is turned on. This is to avoid the storing of personal data in the logs.
                )

        )

)

2023-08-26T23:37:15+00:00 INFO Array
(
    [Webhook Delivery] => Array
        (
            [Delivery ID] => ebd0813e19209d17813f48debfaa55fe
            [Date] => 26 Ago, 2023 @ 23:37
            [URL] => https://pizzeriahorebs.com/wp-admin/options-general.php?page=webhooks
            [Duration] => 0.23643
            [Request] => Array
                (
                    [Method] => POST
                    [Headers] => Array
                        (
                            [User-Agent] => WooCommerce/7.9.0 Hookshot (WordPress/6.2.2)
                            [Content-Type] => application/json
                            [X-WC-Webhook-Source] => https://pizzeriahorebs.com/
                            [X-WC-Webhook-Topic] => action.woocommerce_payment_complete
                            [X-WC-Webhook-Resource] => action
                            [X-WC-Webhook-Event] => woocommerce_payment_complete
                            [X-WC-Webhook-Signature] => Uc8oEocEG1jTa4e6SPsQHaU4zsFiwLXPtYSCnkFSrWw=
                            [X-WC-Webhook-ID] => 1
                            [X-WC-Webhook-Delivery-ID] => ebd0813e19209d17813f48debfaa55fe
                        )

                )

            [Body] => Webhook body is not logged unless WP_DEBUG mode is turned on. This is to avoid the storing of personal data in the logs.
            [Response] => Array
                (
                    [Code] => 302
                    [Message] => Found
                    [Headers] => WpOrg\Requests\Utility\CaseInsensitiveDictionary Object
                        (
                            [data:protected] => Array
                                (
                                    [x-powered-by] => PHP/8.1.18
                                    [expires] => Wed, 11 Jan 1984 05:00:00 GMT
                                    [cache-control] => no-cache, no-store, must-revalidate, max-age=0
                                    [x-redirect-by] => WordPress
                                    [location] => https://pizzeriahorebs.com/wp-login.php?redirect_to=https%3A%2F%2Fpizzeriahorebs.com%2Fwp-admin%2Foptions-general.php%3Fpage%3Dwebhooks&reauth=1
                                    [content-type] => text/html; charset=UTF-8
                                    [content-length] => 0
                                    [date] => Sat, 26 Aug 2023 23:37:15 GMT
                                    [server] => LiteSpeed
                                    [platform] => hostinger
                                    [content-security-policy] => upgrade-insecure-requests
                                    [alt-svc] => h3=":443"; ma=2592000, h3-29=":443"; ma=2592000, h3-Q050=":443"; ma=2592000, h3-Q046=":443"; ma=2592000, h3-Q043=":443"; ma=2592000, quic=":443"; ma=2592000; v="43,46"
                                )

                        )

                    [Body] => Webhook body is not logged unless WP_DEBUG mode is turned on. This is to avoid the storing of personal data in the logs.
                )

        )

)

2023-08-26T23:38:33+00:00 INFO Array
(
    [Webhook Delivery] => Array
        (
            [Delivery ID] => 12abca72a1903c08198de186ce92ebba
            [Date] => 26 Ago, 2023 @ 23:38
            [URL] => https://pizzeriahorebs.com/wp-admin/options-general.php?page=webhooks
            [Duration] => 0.34496
            [Request] => Array
                (
                    [Method] => POST
                    [Headers] => Array
                        (
                            [User-Agent] => WooCommerce/7.9.0 Hookshot (WordPress/6.2.2)
                            [Content-Type] => application/json
                            [X-WC-Webhook-Source] => https://pizzeriahorebs.com/
                            [X-WC-Webhook-Topic] => action.woocommerce_payment_complete
                            [X-WC-Webhook-Resource] => action
                            [X-WC-Webhook-Event] => woocommerce_payment_complete
                            [X-WC-Webhook-Signature] => uSvFM5wnPVlF92hifOmC1df182Yy8cqqq9znVCnUvNc=
                            [X-WC-Webhook-ID] => 1
                            [X-WC-Webhook-Delivery-ID] => 12abca72a1903c08198de186ce92ebba
                        )

                )

            [Body] => Webhook body is not logged unless WP_DEBUG mode is turned on. This is to avoid the storing of personal data in the logs.
            [Response] => Array
                (
                    [Code] => 302
                    [Message] => Found
                    [Headers] => WpOrg\Requests\Utility\CaseInsensitiveDictionary Object
                        (
                            [data:protected] => Array
                                (
                                    [x-powered-by] => PHP/8.1.18
                                    [expires] => Wed, 11 Jan 1984 05:00:00 GMT
                                    [cache-control] => no-cache, no-store, must-revalidate, max-age=0
                                    [x-redirect-by] => WordPress
                                    [location] => https://pizzeriahorebs.com/wp-login.php?redirect_to=https%3A%2F%2Fpizzeriahorebs.com%2Fwp-admin%2Foptions-general.php%3Fpage%3Dwebhooks&reauth=1
                                    [content-type] => text/html; charset=UTF-8
                                    [content-length] => 0
                                    [date] => Sat, 26 Aug 2023 23:38:33 GMT
                                    [server] => LiteSpeed
                                    [platform] => hostinger
                                    [content-security-policy] => upgrade-insecure-requests
                                    [alt-svc] => h3=":443"; ma=2592000, h3-29=":443"; ma=2592000, h3-Q050=":443"; ma=2592000, h3-Q046=":443"; ma=2592000, h3-Q043=":443"; ma=2592000, quic=":443"; ma=2592000; v="43,46"
                                )

                        )

                    [Body] => Webhook body is not logged unless WP_DEBUG mode is turned on. This is to avoid the storing of personal data in the logs.
                )

        )

)

2023-08-26T23:53:15+00:00 INFO Array
(
    [Webhook Delivery] => Array
        (
            [Delivery ID] => b695383923836b450417d88ff4187e27
            [Date] => 26 Ago, 2023 @ 23:53
            [URL] => https://pizzeriahorebs.com/wp-admin/options-general.php?page=webhooks
            [Duration] => 0.23339
            [Request] => Array
                (
                    [Method] => POST
                    [Headers] => Array
                        (
                            [User-Agent] => WooCommerce/7.9.0 Hookshot (WordPress/6.2.2)
                            [Content-Type] => application/json
                            [X-WC-Webhook-Source] => https://pizzeriahorebs.com/
                            [X-WC-Webhook-Topic] => action.woocommerce_payment_complete
                            [X-WC-Webhook-Resource] => action
                            [X-WC-Webhook-Event] => woocommerce_payment_complete
                            [X-WC-Webhook-Signature] => wvlqzGeX78iXxQSqHmOiOjCMzBt5e2evs2OcRfs/Fxc=
                            [X-WC-Webhook-ID] => 1
                            [X-WC-Webhook-Delivery-ID] => b695383923836b450417d88ff4187e27
                        )

                )

            [Body] => Webhook body is not logged unless WP_DEBUG mode is turned on. This is to avoid the storing of personal data in the logs.
            [Response] => Array
                (
                    [Code] => 302
                    [Message] => Found
                    [Headers] => WpOrg\Requests\Utility\CaseInsensitiveDictionary Object
                        (
                            [data:protected] => Array
                                (
                                    [x-powered-by] => PHP/8.1.18
                                    [expires] => Wed, 11 Jan 1984 05:00:00 GMT
                                    [cache-control] => no-cache, no-store, must-revalidate, max-age=0
                                    [x-redirect-by] => WordPress
                                    [location] => https://pizzeriahorebs.com/wp-login.php?redirect_to=https%3A%2F%2Fpizzeriahorebs.com%2Fwp-admin%2Foptions-general.php%3Fpage%3Dwebhooks&reauth=1
                                    [content-type] => text/html; charset=UTF-8
                                    [content-length] => 0
                                    [date] => Sat, 26 Aug 2023 23:53:15 GMT
                                    [server] => LiteSpeed
                                    [platform] => hostinger
                                    [content-security-policy] => upgrade-insecure-requests
                                    [alt-svc] => h3=":443"; ma=2592000, h3-29=":443"; ma=2592000, h3-Q050=":443"; ma=2592000, h3-Q046=":443"; ma=2592000, h3-Q043=":443"; ma=2592000, quic=":443"; ma=2592000; v="43,46"
                                )

                        )

                    [Body] => Webhook body is not logged unless WP_DEBUG mode is turned on. This is to avoid the storing of personal data in the logs.
                )

        )

)

2023-08-26T23:57:16+00:00 INFO Array
(
    [Webhook Delivery] => Array
        (
            [Delivery ID] => fc3f8c5d97a721435622ddd5ae744349
            [Date] => 26 Ago, 2023 @ 23:57
            [URL] => https://pizzeriahorebs.com/wp-admin/options-general.php?page=webhooks
            [Duration] => 0.24357
            [Request] => Array
                (
                    [Method] => POST
                    [Headers] => Array
                        (
                            [User-Agent] => WooCommerce/7.9.0 Hookshot (WordPress/6.2.2)
                            [Content-Type] => application/json
                            [X-WC-Webhook-Source] => https://pizzeriahorebs.com/
                            [X-WC-Webhook-Topic] => action.woocommerce_payment_complete
                            [X-WC-Webhook-Resource] => action
                            [X-WC-Webhook-Event] => woocommerce_payment_complete
                            [X-WC-Webhook-Signature] => 3kMJiLDmb1bJnPKZ5cHQf3QjAo7M4Q50traFDAINbzM=
                            [X-WC-Webhook-ID] => 1
                            [X-WC-Webhook-Delivery-ID] => fc3f8c5d97a721435622ddd5ae744349
                        )

                )

            [Body] => Webhook body is not logged unless WP_DEBUG mode is turned on. This is to avoid the storing of personal data in the logs.
            [Response] => Array
                (
                    [Code] => 302
                    [Message] => Found
                    [Headers] => WpOrg\Requests\Utility\CaseInsensitiveDictionary Object
                        (
                            [data:protected] => Array
                                (
                                    [x-powered-by] => PHP/8.1.18
                                    [expires] => Wed, 11 Jan 1984 05:00:00 GMT
                                    [cache-control] => no-cache, no-store, must-revalidate, max-age=0
                                    [x-redirect-by] => WordPress
                                    [location] => https://pizzeriahorebs.com/wp-login.php?redirect_to=https%3A%2F%2Fpizzeriahorebs.com%2Fwp-admin%2Foptions-general.php%3Fpage%3Dwebhooks&reauth=1
                                    [content-type] => text/html; charset=UTF-8
                                    [content-length] => 0
                                    [date] => Sat, 26 Aug 2023 23:57:16 GMT
                                    [server] => LiteSpeed
                                    [platform] => hostinger
                                    [content-security-policy] => upgrade-insecure-requests
                                    [alt-svc] => h3=":443"; ma=2592000, h3-29=":443"; ma=2592000, h3-Q050=":443"; ma=2592000, h3-Q046=":443"; ma=2592000, h3-Q043=":443"; ma=2592000, quic=":443"; ma=2592000; v="43,46"
                                )

                        )

                    [Body] => Webhook body is not logged unless WP_DEBUG mode is turned on. This is to avoid the storing of personal data in the logs.
                )

        )

)

